Using pre-set license
Built from '2022.3/staging' branch; Version is '2022.3.47f1 (88c277b85d21) revision 8962679'; Using compiler version '192829333'; Build Type 'Release'
OS: 'Windows 10  (10.0.19045) 64bit Professional' Language: 'de' Physical Memory: 16308 MB
BatchMode: 1, IsHumanControllingUs: 0, StartBugReporterOnCrash: 0, Is64bit: 1, IsPro: 1

COMMAND LINE ARGUMENTS:
C:\Program Files\Unity\Hub\Editor\2022.3.47f1\Editor\Unity.exe
-adb2
-batchMode
-noUpm
-name
AssetImportWorker2
-projectPath
C:/Users/namem/Desktop/Studium/sem5/game/trees/behaviourtrees/behaviourtrees
-logFile
Logs/AssetImportWorker2.log
-srvPort
2290
Successfully changed project path to: C:/Users/namem/Desktop/Studium/sem5/game/trees/behaviourtrees/behaviourtrees
C:/Users/namem/Desktop/Studium/sem5/game/trees/behaviourtrees/behaviourtrees
[UnityMemory] Configuration Parameters - Can be set up in boot.config
    "memorysetup-bucket-allocator-granularity=16"
    "memorysetup-bucket-allocator-bucket-count=8"
    "memorysetup-bucket-allocator-block-size=33554432"
    "memorysetup-bucket-allocator-block-count=8"
    "memorysetup-main-allocator-block-size=16777216"
    "memorysetup-thread-allocator-block-size=16777216"
    "memorysetup-gfx-main-allocator-block-size=16777216"
    "memorysetup-gfx-thread-allocator-block-size=16777216"
    "memorysetup-cache-allocator-block-size=4194304"
    "memorysetup-typetree-allocator-block-size=2097152"
    "memorysetup-profiler-bucket-allocator-granularity=16"
    "memorysetup-profiler-bucket-allocator-bucket-count=8"
    "memorysetup-profiler-bucket-allocator-block-size=33554432"
    "memorysetup-profiler-bucket-allocator-block-count=8"
    "memorysetup-profiler-allocator-block-size=16777216"
    "memorysetup-profiler-editor-allocator-block-size=1048576"
    "memorysetup-temp-allocator-size-main=16777216"
    "memorysetup-job-temp-allocator-block-size=2097152"
    "memorysetup-job-temp-allocator-block-size-background=1048576"
    "memorysetup-job-temp-allocator-reduction-small-platforms=262144"
    "memorysetup-allocator-temp-initial-block-size-main=262144"
    "memorysetup-allocator-temp-initial-block-size-worker=262144"
    "memorysetup-temp-allocator-size-background-worker=32768"
    "memorysetup-temp-allocator-size-job-worker=262144"
    "memorysetup-temp-allocator-size-preload-manager=33554432"
    "memorysetup-temp-allocator-size-nav-mesh-worker=65536"
    "memorysetup-temp-allocator-size-audio-worker=65536"
    "memorysetup-temp-allocator-size-cloud-worker=32768"
    "memorysetup-temp-allocator-size-gi-baking-worker=262144"
    "memorysetup-temp-allocator-size-gfx=262144"
Player connection [10140]  Target information:

Player connection [10140]  * "[IP] 192.168.178.96 [Port] 0 [Flags] 2 [Guid] 513965877 [EditorId] 513965877 [Version] 1048832 [Id] WindowsEditor(7,lau) [Debug] 1 [PackageName] WindowsEditor [ProjectName] Editor" 

Player connection [10140]  * "[IP] 172.27.128.1 [Port] 0 [Flags] 2 [Guid] 513965877 [EditorId] 513965877 [Version] 1048832 [Id] WindowsEditor(7,lau) [Debug] 1 [PackageName] WindowsEditor [ProjectName] Editor" 

Player connection [10140]  * "[IP] 169.254.100.248 [Port] 0 [Flags] 2 [Guid] 513965877 [EditorId] 513965877 [Version] 1048832 [Id] WindowsEditor(7,lau) [Debug] 1 [PackageName] WindowsEditor [ProjectName] Editor" 

Player connection [10140]  * "[IP] 169.254.4.157 [Port] 0 [Flags] 2 [Guid] 513965877 [EditorId] 513965877 [Version] 1048832 [Id] WindowsEditor(7,lau) [Debug] 1 [PackageName] WindowsEditor [ProjectName] Editor" 

Player connection [10140]  * "[IP] 172.16.0.2 [Port] 0 [Flags] 2 [Guid] 513965877 [EditorId] 513965877 [Version] 1048832 [Id] WindowsEditor(7,lau) [Debug] 1 [PackageName] WindowsEditor [ProjectName] Editor" 

Player connection [10140] Host joined multi-casting on [225.0.0.222:54997]...
Player connection [10140] Host joined alternative multi-casting on [225.0.0.222:34997]...
[PhysX] Initialized MultithreadedTaskDispatcher with 16 workers.
Refreshing native plugins compatible for Editor in 181.76 ms, found 3 plugins.
Preloading 0 native plugins for Editor in 0.00 ms.
Initialize engine version: 2022.3.47f1 (88c277b85d21)
[Subsystems] Discovering subsystems at path C:/Program Files/Unity/Hub/Editor/2022.3.47f1/Editor/Data/Resources/UnitySubsystems
[Subsystems] Discovering subsystems at path C:/Users/namem/Desktop/Studium/sem5/game/trees/behaviourtrees/behaviourtrees/Assets
GfxDevice: creating device client; threaded=0; jobified=0
Direct3D:
    Version:  Direct3D 11.0 [level 11.1]
    Renderer: AMD Radeon RX 5700 XT (ID=0x731f)
    Vendor:   ATI
    VRAM:     8131 MB
    Driver:   32.0.12019.1028
Initialize mono
Mono path[0] = 'C:/Program Files/Unity/Hub/Editor/2022.3.47f1/Editor/Data/Managed'
Mono path[1] = 'C:/Program Files/Unity/Hub/Editor/2022.3.47f1/Editor/Data/MonoBleedingEdge/lib/mono/unityjit-win32'
Mono config path = 'C:/Program Files/Unity/Hub/Editor/2022.3.47f1/Editor/Data/MonoBleedingEdge/etc'
Using monoOptions --debugger-agent=transport=dt_socket,embedding=1,server=y,suspend=n,address=127.0.0.1:56740
Begin MonoManager ReloadAssembly
Registering precompiled unity dll's ...
Register platform support module: C:/Program Files/Unity/Hub/Editor/2022.3.47f1/Editor/Data/PlaybackEngines/WindowsStandaloneSupport/UnityEditor.WindowsStandalone.Extensions.dll
Registered in 0.010113 seconds.
- Loaded All Assemblies, in  0.572 seconds
Native extension for WindowsStandalone target not found
Mono: successfully reloaded assembly
- Finished resetting the current domain, in  0.426 seconds
Domain Reload Profiling: 998ms
	BeginReloadAssembly (181ms)
		ExecutionOrderSort (0ms)
		DisableScriptedObjects (0ms)
		BackupInstance (0ms)
		ReleaseScriptingObjects (0ms)
		CreateAndSetChildDomain (1ms)
	RebuildCommonClasses (57ms)
	RebuildNativeTypeToScriptingClass (15ms)
	initialDomainReloadingComplete (82ms)
	LoadAllAssembliesAndSetupDomain (237ms)
		LoadAssemblies (179ms)
		RebuildTransferFunctionScriptingTraits (0ms)
		AnalyzeDomain (235ms)
			TypeCache.Refresh (232ms)
				TypeCache.ScanAssembly (214ms)
			ScanForSourceGeneratedMonoScriptInfo (1ms)
			ResolveRequiredComponents (1ms)
	FinalizeReload (427ms)
		ReleaseScriptCaches (0ms)
		RebuildScriptCaches (0ms)
		SetupLoadedEditorAssemblies (354ms)
			LogAssemblyErrors (0ms)
			InitializePlatformSupportModulesInManaged (12ms)
			SetLoadedEditorAssemblies (10ms)
			RefreshPlugins (0ms)
			BeforeProcessingInitializeOnLoad (3ms)
			ProcessInitializeOnLoadAttributes (250ms)
			ProcessInitializeOnLoadMethodAttributes (78ms)
			AfterProcessingInitializeOnLoad (0ms)
			EditorAssembliesLoaded (0ms)
		ExecutionOrderSort2 (0ms)
		AwakeInstancesAfterBackupRestoration (0ms)
========================================================================
Worker process is ready to serve import requests
Caller must complete domain reload
Begin MonoManager ReloadAssembly
- Loaded All Assemblies, in  1.076 seconds
Native extension for WindowsStandalone target not found
Mono: successfully reloaded assembly
- Finished resetting the current domain, in  0.981 seconds
Domain Reload Profiling: 2056ms
	BeginReloadAssembly (254ms)
		ExecutionOrderSort (0ms)
		DisableScriptedObjects (10ms)
		BackupInstance (0ms)
		ReleaseScriptingObjects (0ms)
		CreateAndSetChildDomain (26ms)
	RebuildCommonClasses (53ms)
	RebuildNativeTypeToScriptingClass (22ms)
	initialDomainReloadingComplete (61ms)
	LoadAllAssembliesAndSetupDomain (684ms)
		LoadAssemblies (552ms)
		RebuildTransferFunctionScriptingTraits (0ms)
		AnalyzeDomain (300ms)
			TypeCache.Refresh (263ms)
				TypeCache.ScanAssembly (238ms)
			ScanForSourceGeneratedMonoScriptInfo (27ms)
			ResolveRequiredComponents (8ms)
	FinalizeReload (982ms)
		ReleaseScriptCaches (0ms)
		RebuildScriptCaches (0ms)
		SetupLoadedEditorAssemblies (759ms)
			LogAssemblyErrors (0ms)
			InitializePlatformSupportModulesInManaged (9ms)
			SetLoadedEditorAssemblies (7ms)
			RefreshPlugins (0ms)
			BeforeProcessingInitializeOnLoad (100ms)
			ProcessInitializeOnLoadAttributes (604ms)
			ProcessInitializeOnLoadMethodAttributes (34ms)
			AfterProcessingInitializeOnLoad (5ms)
			EditorAssembliesLoaded (0ms)
		ExecutionOrderSort2 (0ms)
		AwakeInstancesAfterBackupRestoration (9ms)
Launched and connected shader compiler UnityShaderCompiler.exe after 0.08 seconds
Refreshing native plugins compatible for Editor in 6.16 ms, found 3 plugins.
Preloading 0 native plugins for Editor in 0.00 ms.
Unloading 3146 Unused Serialized files (Serialized files now loaded: 0)
Unloading 19 unused Assets / (54.6 KB). Loaded Objects now: 3619.
Memory consumption went from 120.7 MB to 120.6 MB.
Total: 4.727200 ms (FindLiveObjects: 0.411800 ms CreateObjectMapping: 0.189300 ms MarkObjects: 3.986800 ms  DeleteObjects: 0.137300 ms)

AssetImportParameters requested are different than current active one (requested -> active):
  custom:container-demuxer-ogg: 62fdf1f143b41e24485cea50d1cbac27 -> 
  custom:video-decoder-ogg-theora: a1e56fd34408186e4bbccfd4996cb3dc -> 
  custom:framework-win-MediaFoundation: 216162199b28c13a410421893ffa2e32 -> 
  custom:CustomObjectIndexerAttribute: 9a22284fe3817be447336de3de66b15e -> 
  custom:container-demuxer-webm: 4f35f7cbe854078d1ac9338744f61a02 -> 
  custom:container-muxer-webm: aa71ff27fc2769a1b78a27578f13a17b -> 
  custom:video-decoder-webm-vp8: 9c59270c3fd7afecdb556c50c9e8de78 -> 
  custom:SearchIndexIgnoredProperties: e643bd26f0fe6173181afceb89e7c659 -> 
  custom:AudioImporter_EditorPlatform: d09bf68614088b80899f8185d706f6e7 -> 
  custom:video-encoder-webm-vp8: eb34c28f22e8b96e1ab97ce403110664 -> 
  custom:audio-decoder-ogg-vorbis: bf7c407c2cedff20999df2af8eb42d56 -> 
  custom:audio-encoder-webm-vorbis: bf7c407c2cedff20999df2af8eb42d56 -> 
========================================================================
Received Import Request.
  Time since last request: 3898.075208 seconds.
  path: Assets/_Creepy_Cat/_3D Scifi Kit Starter Kit_HD/_Meshes/Symbols/Num_1.FBX
  artifactKey: Guid(509807a9038434a78aa1e8a2cba71152) Importer(2089858483,0ecaa5967403d082aa24f35e1b516d23)
Start importing Assets/_Creepy_Cat/_3D Scifi Kit Starter Kit_HD/_Meshes/Symbols/Num_1.FBX using Guid(509807a9038434a78aa1e8a2cba71152) Importer(2089858483,0ecaa5967403d082aa24f35e1b516d23) [PhysX] Initialized MultithreadedTaskDispatcher with 16 workers.
 -> (artifact id: 'a6d48a8dd3e5055526c612d0ceb278e3') in 0.223665 seconds
Number of updated asset objects reloaded before import = 0
Number of asset objects unloaded after import = 10
========================================================================
Received Import Request.
  Time since last request: 0.000036 seconds.
  path: Assets/_Creepy_Cat/_3D Scifi Kit Starter Kit_HD/_Meshes/Walls/Wall_Bed_01.FBX
  artifactKey: Guid(d224be89e2b8149e786a951ac7ee2c6c) Importer(2089858483,0ecaa5967403d082aa24f35e1b516d23)
Start importing Assets/_Creepy_Cat/_3D Scifi Kit Starter Kit_HD/_Meshes/Walls/Wall_Bed_01.FBX using Guid(d224be89e2b8149e786a951ac7ee2c6c) Importer(2089858483,0ecaa5967403d082aa24f35e1b516d23) [PhysX] Initialized MultithreadedTaskDispatcher with 16 workers.
 -> (artifact id: '85f033f09db5a67509f38c24ee4138f9') in 0.038070 seconds
Number of updated asset objects reloaded before import = 0
Number of asset objects unloaded after import = 9
========================================================================
Received Import Request.
  Time since last request: 0.000030 seconds.
  path: Assets/_Creepy_Cat/_3D Scifi Kit Starter Kit_HD/_Meshes/Walls/Wall_Cube_01_InvertCoin.FBX
  artifactKey: Guid(61d6c24670f0041fdaa7e49a8cc281c6) Importer(2089858483,0ecaa5967403d082aa24f35e1b516d23)
Start importing Assets/_Creepy_Cat/_3D Scifi Kit Starter Kit_HD/_Meshes/Walls/Wall_Cube_01_InvertCoin.FBX using Guid(61d6c24670f0041fdaa7e49a8cc281c6) Importer(2089858483,0ecaa5967403d082aa24f35e1b516d23) [PhysX] Initialized MultithreadedTaskDispatcher with 16 workers.
 -> (artifact id: '3dc14fd7751dd3466e7b1c8b96d725e8') in 0.040961 seconds
Number of updated asset objects reloaded before import = 0
Number of asset objects unloaded after import = 9
========================================================================
Received Import Request.
  Time since last request: 0.000025 seconds.
  path: Assets/_Creepy_Cat/_3D Scifi Kit Starter Kit_HD/_Meshes/Walls/Wall_Inclined_01_Long.FBX
  artifactKey: Guid(5965bbc525ea047abbee1bd406a2478d) Importer(2089858483,0ecaa5967403d082aa24f35e1b516d23)
Start importing Assets/_Creepy_Cat/_3D Scifi Kit Starter Kit_HD/_Meshes/Walls/Wall_Inclined_01_Long.FBX using Guid(5965bbc525ea047abbee1bd406a2478d) Importer(2089858483,0ecaa5967403d082aa24f35e1b516d23) [PhysX] Initialized MultithreadedTaskDispatcher with 16 workers.
 -> (artifact id: '624731708a9ad007ba84c5cdcbd88949') in 0.041578 seconds
Number of updated asset objects reloaded before import = 0
Number of asset objects unloaded after import = 9
========================================================================
Received Import Request.
  Time since last request: 0.000022 seconds.
  path: Assets/_Creepy_Cat/_3D Scifi Kit Starter Kit_HD/_Meshes/Walls/Wall_Gear_03_Half.FBX
  artifactKey: Guid(4d5aada9f03a14368a5db06d1b0f855b) Importer(2089858483,0ecaa5967403d082aa24f35e1b516d23)
Start importing Assets/_Creepy_Cat/_3D Scifi Kit Starter Kit_HD/_Meshes/Walls/Wall_Gear_03_Half.FBX using Guid(4d5aada9f03a14368a5db06d1b0f855b) Importer(2089858483,0ecaa5967403d082aa24f35e1b516d23) [PhysX] Initialized MultithreadedTaskDispatcher with 16 workers.
 -> (artifact id: '4b9c1ac5c373e430d5910e5e2e754456') in 0.037299 seconds
Number of updated asset objects reloaded before import = 0
Number of asset objects unloaded after import = 9
========================================================================
Received Import Request.
  Time since last request: 0.000023 seconds.
  path: Assets/_Creepy_Cat/_3D Scifi Kit Starter Kit_HD/_Textures/HD_Floor_01_Dif_Style_02_AO.png
  artifactKey: Guid(eb45c65053cb045c0a897fb3f1109497) Importer(2089858483,0ecaa5967403d082aa24f35e1b516d23)
Start importing Assets/_Creepy_Cat/_3D Scifi Kit Starter Kit_HD/_Textures/HD_Floor_01_Dif_Style_02_AO.png using Guid(eb45c65053cb045c0a897fb3f1109497) Importer(2089858483,0ecaa5967403d082aa24f35e1b516d23) [PhysX] Initialized MultithreadedTaskDispatcher with 16 workers.
 -> (artifact id: 'ab8e9577db493eb9acb048cbfbe3a897') in 0.076869 seconds
Number of updated asset objects reloaded before import = 0
Number of asset objects unloaded after import = 1
========================================================================
Received Import Request.
  Time since last request: 0.000031 seconds.
  path: Assets/_Creepy_Cat/_3D Scifi Kit Starter Kit/_Textures/Wall_Atlas_01_Norm.png
  artifactKey: Guid(031b98760c04e4e03953e59c1b6fa206) Importer(2089858483,0ecaa5967403d082aa24f35e1b516d23)
Start importing Assets/_Creepy_Cat/_3D Scifi Kit Starter Kit/_Textures/Wall_Atlas_01_Norm.png using Guid(031b98760c04e4e03953e59c1b6fa206) Importer(2089858483,0ecaa5967403d082aa24f35e1b516d23) [PhysX] Initialized MultithreadedTaskDispatcher with 16 workers.
 -> (artifact id: '0a667ac8aa3a811ad67e08a4464e7997') in 0.057981 seconds
Number of updated asset objects reloaded before import = 0
Number of asset objects unloaded after import = 1
========================================================================
Received Import Request.
  Time since last request: 0.000035 seconds.
  path: Assets/ModularFirstPersonController/How To Use.pdf
  artifactKey: Guid(167a5ec0045348e4997182aa0e0fcea2) Importer(2089858483,0ecaa5967403d082aa24f35e1b516d23)
Start importing Assets/ModularFirstPersonController/How To Use.pdf using Guid(167a5ec0045348e4997182aa0e0fcea2) Importer(2089858483,0ecaa5967403d082aa24f35e1b516d23) [PhysX] Initialized MultithreadedTaskDispatcher with 16 workers.
 -> (artifact id: '250f0b36c0e6504b7fc52c389db1681d') in 0.017229 seconds
Number of updated asset objects reloaded before import = 0
Number of asset objects unloaded after import = 1
========================================================================
Received Import Request.
  Time since last request: 0.000024 seconds.
  path: Assets/_Creepy_Cat/_3D Scifi Kit Starter Kit/_Textures/Wall_Atlas_01_Illum.png
  artifactKey: Guid(3323f3e7059c74b949076e89a258789b) Importer(2089858483,0ecaa5967403d082aa24f35e1b516d23)
Start importing Assets/_Creepy_Cat/_3D Scifi Kit Starter Kit/_Textures/Wall_Atlas_01_Illum.png using Guid(3323f3e7059c74b949076e89a258789b) Importer(2089858483,0ecaa5967403d082aa24f35e1b516d23) [PhysX] Initialized MultithreadedTaskDispatcher with 16 workers.
 -> (artifact id: 'ee716e7ab07281ef67b5b713ee37b1b8') in 0.032908 seconds
Number of updated asset objects reloaded before import = 0
Number of asset objects unloaded after import = 1
========================================================================
Received Import Request.
  Time since last request: 0.000027 seconds.
  path: Assets/_Creepy_Cat/_3D Scifi Kit Starter Kit_HD/_Textures/HD_Alpha_02_Dif_Style_02_Norm.png
  artifactKey: Guid(aec64198d87674bfb94505f47eb21107) Importer(2089858483,0ecaa5967403d082aa24f35e1b516d23)
Start importing Assets/_Creepy_Cat/_3D Scifi Kit Starter Kit_HD/_Textures/HD_Alpha_02_Dif_Style_02_Norm.png using Guid(aec64198d87674bfb94505f47eb21107) Importer(2089858483,0ecaa5967403d082aa24f35e1b516d23) [PhysX] Initialized MultithreadedTaskDispatcher with 16 workers.
 -> (artifact id: '46de6a91d561cfdbd043d53c3bb8d020') in 0.038222 seconds
Number of updated asset objects reloaded before import = 0
Number of asset objects unloaded after import = 1
========================================================================
Received Import Request.
  Time since last request: 0.000026 seconds.
  path: Assets/Wahitecture/AlienCharacter/Textures/Sword_C_T.png
  artifactKey: Guid(62b568aa9f5a32f429dedc8576484d2c) Importer(2089858483,0ecaa5967403d082aa24f35e1b516d23)
Start importing Assets/Wahitecture/AlienCharacter/Textures/Sword_C_T.png using Guid(62b568aa9f5a32f429dedc8576484d2c) Importer(2089858483,0ecaa5967403d082aa24f35e1b516d23) [PhysX] Initialized MultithreadedTaskDispatcher with 16 workers.
 -> (artifact id: 'b9237cf8054f16a064b9bbcb4f40b2a6') in 0.028197 seconds
Number of updated asset objects reloaded before import = 0
Number of asset objects unloaded after import = 1
========================================================================
Received Import Request.
  Time since last request: 0.000029 seconds.
  path: Assets/_Creepy_Cat/_3D Scifi Kit Starter Kit_HD/_Textures/HD_Wall_02_Dif_Style_02_Metal.tif
  artifactKey: Guid(543d0efac660a4a6d8351954cbedfca5) Importer(2089858483,0ecaa5967403d082aa24f35e1b516d23)
Start importing Assets/_Creepy_Cat/_3D Scifi Kit Starter Kit_HD/_Textures/HD_Wall_02_Dif_Style_02_Metal.tif using Guid(543d0efac660a4a6d8351954cbedfca5) Importer(2089858483,0ecaa5967403d082aa24f35e1b516d23) [PhysX] Initialized MultithreadedTaskDispatcher with 16 workers.
 -> (artifact id: '7cbdbefec2e4da578c80da7f234e8a3d') in 0.033680 seconds
Number of updated asset objects reloaded before import = 0
Number of asset objects unloaded after import = 1
========================================================================
Received Import Request.
  Time since last request: 0.000030 seconds.
  path: Assets/_Creepy_Cat/_3D Scifi Kit Starter Kit_HD/_Meshes/Walls/Wall_Simple_03_Long.FBX
  artifactKey: Guid(37dba04da000a44b89be4e9072428e16) Importer(2089858483,0ecaa5967403d082aa24f35e1b516d23)
Start importing Assets/_Creepy_Cat/_3D Scifi Kit Starter Kit_HD/_Meshes/Walls/Wall_Simple_03_Long.FBX using Guid(37dba04da000a44b89be4e9072428e16) Importer(2089858483,0ecaa5967403d082aa24f35e1b516d23) [PhysX] Initialized MultithreadedTaskDispatcher with 16 workers.
 -> (artifact id: 'ed1e209c37a1834ee4accbdea155d06b') in 0.031768 seconds
Number of updated asset objects reloaded before import = 0
Number of asset objects unloaded after import = 9
========================================================================
Received Import Request.
  Time since last request: 0.000027 seconds.
  path: Assets/_Creepy_Cat/_3D Scifi Kit Starter Kit_HD/_Prefabs/Floors/Floor_Coin_01_Small.prefab
  artifactKey: Guid(2504b53e39a2545538e6b5f5573f2bf3) Importer(2089858483,0ecaa5967403d082aa24f35e1b516d23)
Start importing Assets/_Creepy_Cat/_3D Scifi Kit Starter Kit_HD/_Prefabs/Floors/Floor_Coin_01_Small.prefab using Guid(2504b53e39a2545538e6b5f5573f2bf3) Importer(2089858483,0ecaa5967403d082aa24f35e1b516d23) [PhysX] Initialized MultithreadedTaskDispatcher with 16 workers.
 -> (artifact id: 'c2bb3829dd69a1e3008f1ffdd427911c') in 0.022092 seconds
Number of updated asset objects reloaded before import = 0
Number of asset objects unloaded after import = 10
========================================================================
Received Import Request.
  Time since last request: 0.000025 seconds.
  path: Assets/_Creepy_Cat/_3D Scifi Kit Starter Kit_HD/_Prefabs/Doors/DoorWay_01_Ramp.prefab
  artifactKey: Guid(971206ac62c364e8593d36595119270b) Importer(2089858483,0ecaa5967403d082aa24f35e1b516d23)
Start importing Assets/_Creepy_Cat/_3D Scifi Kit Starter Kit_HD/_Prefabs/Doors/DoorWay_01_Ramp.prefab using Guid(971206ac62c364e8593d36595119270b) Importer(2089858483,0ecaa5967403d082aa24f35e1b516d23) [PhysX] Initialized MultithreadedTaskDispatcher with 16 workers.
 -> (artifact id: 'a892c765c74b91d2f3138e23a219d3c6') in 0.017957 seconds
Number of updated asset objects reloaded before import = 0
Number of asset objects unloaded after import = 12
========================================================================
Received Import Request.
  Time since last request: 0.000038 seconds.
  path: Assets/_Creepy_Cat/_3D Scifi Kit Starter Kit_HD/_Prefabs/Lights/Light_SideLight_05.prefab
  artifactKey: Guid(52424c5b0e12a4826b0dc6646514a9e5) Importer(2089858483,0ecaa5967403d082aa24f35e1b516d23)
Start importing Assets/_Creepy_Cat/_3D Scifi Kit Starter Kit_HD/_Prefabs/Lights/Light_SideLight_05.prefab using Guid(52424c5b0e12a4826b0dc6646514a9e5) Importer(2089858483,0ecaa5967403d082aa24f35e1b516d23) [PhysX] Initialized MultithreadedTaskDispatcher with 16 workers.
 -> (artifact id: '6a98e048ae4b30f613bc74f899e84bc5') in 0.022199 seconds
Number of updated asset objects reloaded before import = 0
Number of asset objects unloaded after import = 12
========================================================================
Received Import Request.
  Time since last request: 0.000024 seconds.
  path: Assets/_Creepy_Cat/_3D Scifi Kit Starter Kit_HD/_Prefabs/Lights/Light_Corridor_02.prefab
  artifactKey: Guid(8f1a9a504f4b646b68a0dbccadca5519) Importer(2089858483,0ecaa5967403d082aa24f35e1b516d23)
Start importing Assets/_Creepy_Cat/_3D Scifi Kit Starter Kit_HD/_Prefabs/Lights/Light_Corridor_02.prefab using Guid(8f1a9a504f4b646b68a0dbccadca5519) Importer(2089858483,0ecaa5967403d082aa24f35e1b516d23) [PhysX] Initialized MultithreadedTaskDispatcher with 16 workers.
 -> (artifact id: '7d7d0b6b565c812961e57b60ae850d30') in 0.014374 seconds
Number of updated asset objects reloaded before import = 0
Number of asset objects unloaded after import = 12
========================================================================
Received Import Request.
  Time since last request: 0.000026 seconds.
  path: Assets/_Creepy_Cat/_3D Scifi Kit Starter Kit_HD/_Meshes/Walls/Wall_Simple_04_Long.FBX
  artifactKey: Guid(0448432b8669042beb7c80fd6fb07029) Importer(2089858483,0ecaa5967403d082aa24f35e1b516d23)
Start importing Assets/_Creepy_Cat/_3D Scifi Kit Starter Kit_HD/_Meshes/Walls/Wall_Simple_04_Long.FBX using Guid(0448432b8669042beb7c80fd6fb07029) Importer(2089858483,0ecaa5967403d082aa24f35e1b516d23) [PhysX] Initialized MultithreadedTaskDispatcher with 16 workers.
 -> (artifact id: '70e93d21f71631a48c2d96ffcd28b732') in 0.040193 seconds
Number of updated asset objects reloaded before import = 0
Number of asset objects unloaded after import = 16
========================================================================
Received Import Request.
  Time since last request: 0.000024 seconds.
  path: Assets/_Creepy_Cat/_3D Scifi Kit Starter Kit_HD/_Meshes/Walls/Wall_Simple_01_Long.FBX
  artifactKey: Guid(c9899e9cbdb1b4efeacf7018543d5067) Importer(2089858483,0ecaa5967403d082aa24f35e1b516d23)
Start importing Assets/_Creepy_Cat/_3D Scifi Kit Starter Kit_HD/_Meshes/Walls/Wall_Simple_01_Long.FBX using Guid(c9899e9cbdb1b4efeacf7018543d5067) Importer(2089858483,0ecaa5967403d082aa24f35e1b516d23) [PhysX] Initialized MultithreadedTaskDispatcher with 16 workers.
 -> (artifact id: '54d292d49af78bef8483a62935d6452c') in 0.030641 seconds
Number of updated asset objects reloaded before import = 0
Number of asset objects unloaded after import = 9
========================================================================
Received Import Request.
  Time since last request: 0.000020 seconds.
  path: Assets/_Creepy_Cat/_3D Scifi Kit Starter Kit_HD/_Prefabs/Floors/Floor_Squared_01_6x6.prefab
  artifactKey: Guid(be50ff3ed2fbe44349a64d3ac5fb98ee) Importer(2089858483,0ecaa5967403d082aa24f35e1b516d23)
Start importing Assets/_Creepy_Cat/_3D Scifi Kit Starter Kit_HD/_Prefabs/Floors/Floor_Squared_01_6x6.prefab using Guid(be50ff3ed2fbe44349a64d3ac5fb98ee) Importer(2089858483,0ecaa5967403d082aa24f35e1b516d23) [PhysX] Initialized MultithreadedTaskDispatcher with 16 workers.
 -> (artifact id: '155563942e2637b3afe5a08127ce154d') in 0.033999 seconds
Number of updated asset objects reloaded before import = 0
Number of asset objects unloaded after import = 10
========================================================================
Received Import Request.
  Time since last request: 0.000024 seconds.
  path: Assets/_Creepy_Cat/_3D Scifi Kit Starter Kit_HD/_Prefabs/Lights/Light_SideLight_01.prefab
  artifactKey: Guid(f7d75a18118f54bee9d051f36d865205) Importer(2089858483,0ecaa5967403d082aa24f35e1b516d23)
Start importing Assets/_Creepy_Cat/_3D Scifi Kit Starter Kit_HD/_Prefabs/Lights/Light_SideLight_01.prefab using Guid(f7d75a18118f54bee9d051f36d865205) Importer(2089858483,0ecaa5967403d082aa24f35e1b516d23) [PhysX] Initialized MultithreadedTaskDispatcher with 16 workers.
 -> (artifact id: '7c3a0bad49197ef266833be8ac2557e9') in 0.022012 seconds
Number of updated asset objects reloaded before import = 0
Number of asset objects unloaded after import = 12
========================================================================
Received Import Request.
  Time since last request: 0.000031 seconds.
  path: Assets/_Creepy_Cat/_3D Scifi Kit Starter Kit_HD/_Prefabs/Doors/DoorWay_01_Up.prefab
  artifactKey: Guid(1aa8018a6dee9418c9c2d2cb7c453ced) Importer(2089858483,0ecaa5967403d082aa24f35e1b516d23)
Start importing Assets/_Creepy_Cat/_3D Scifi Kit Starter Kit_HD/_Prefabs/Doors/DoorWay_01_Up.prefab using Guid(1aa8018a6dee9418c9c2d2cb7c453ced) Importer(2089858483,0ecaa5967403d082aa24f35e1b516d23) [PhysX] Initialized MultithreadedTaskDispatcher with 16 workers.
 -> (artifact id: 'bdb2e427d945e0811121160a34608d5e') in 0.027515 seconds
Number of updated asset objects reloaded before import = 0
Number of asset objects unloaded after import = 9
========================================================================
Received Import Request.
  Time since last request: 0.000032 seconds.
  path: Assets/_Creepy_Cat/_3D Scifi Kit Starter Kit_HD/_Prefabs/Floors/Floor_Angle_01_6x6.prefab
  artifactKey: Guid(0fa0f7adcd5084445ad2d722cecf73f2) Importer(2089858483,0ecaa5967403d082aa24f35e1b516d23)
Start importing Assets/_Creepy_Cat/_3D Scifi Kit Starter Kit_HD/_Prefabs/Floors/Floor_Angle_01_6x6.prefab using Guid(0fa0f7adcd5084445ad2d722cecf73f2) Importer(2089858483,0ecaa5967403d082aa24f35e1b516d23) [PhysX] Initialized MultithreadedTaskDispatcher with 16 workers.
 -> (artifact id: '4d8dc0d385535d1f5ea78443c0040377') in 0.018739 seconds
Number of updated asset objects reloaded before import = 0
Number of asset objects unloaded after import = 10
========================================================================
Received Import Request.
  Time since last request: 0.000042 seconds.
  path: Assets/_Creepy_Cat/_3D Scifi Kit Starter Kit_HD/Materials/_Others/Glow_Low.mat
  artifactKey: Guid(9954b3ca93ec84074bfcb882e476a45b) Importer(2089858483,0ecaa5967403d082aa24f35e1b516d23)
Start importing Assets/_Creepy_Cat/_3D Scifi Kit Starter Kit_HD/Materials/_Others/Glow_Low.mat using Guid(9954b3ca93ec84074bfcb882e476a45b) Importer(2089858483,0ecaa5967403d082aa24f35e1b516d23) [PhysX] Initialized MultithreadedTaskDispatcher with 16 workers.
 -> (artifact id: '0fff812f6a02d007e68d2167c33260d1') in 0.043432 seconds
Number of updated asset objects reloaded before import = 0
Number of asset objects unloaded after import = 2
========================================================================
Received Import Request.
  Time since last request: 0.000044 seconds.
  path: Assets/_Creepy_Cat/_3D Scifi Kit Starter Kit_HD/Materials/HD_Alpha_01_Norm_Transp.mat
  artifactKey: Guid(a7380905172384ce281c6f4403839054) Importer(2089858483,0ecaa5967403d082aa24f35e1b516d23)
Start importing Assets/_Creepy_Cat/_3D Scifi Kit Starter Kit_HD/Materials/HD_Alpha_01_Norm_Transp.mat using Guid(a7380905172384ce281c6f4403839054) Importer(2089858483,0ecaa5967403d082aa24f35e1b516d23) [PhysX] Initialized MultithreadedTaskDispatcher with 16 workers.
 -> (artifact id: '2a2b72da70e12701118b23832a27b1ac') in 0.035929 seconds
Number of updated asset objects reloaded before import = 0
Number of asset objects unloaded after import = 2
========================================================================
Received Import Request.
  Time since last request: 0.000021 seconds.
  path: Assets/_Creepy_Cat/_3D Scifi Kit Starter Kit_HD/Materials/_Others/Cube_Light_B.mat
  artifactKey: Guid(0287812dd5eaa4ffb92b1ff7cac029b8) Importer(2089858483,0ecaa5967403d082aa24f35e1b516d23)
Start importing Assets/_Creepy_Cat/_3D Scifi Kit Starter Kit_HD/Materials/_Others/Cube_Light_B.mat using Guid(0287812dd5eaa4ffb92b1ff7cac029b8) Importer(2089858483,0ecaa5967403d082aa24f35e1b516d23) [PhysX] Initialized MultithreadedTaskDispatcher with 16 workers.
 -> (artifact id: '40a54353e0d80b7308f8349958770f36') in 0.053220 seconds
Number of updated asset objects reloaded before import = 0
Number of asset objects unloaded after import = 2
========================================================================
Received Import Request.
  Time since last request: 0.000032 seconds.
  path: Assets/_Creepy_Cat/_3D Scifi Kit Starter Kit_HD/_Meshes/Walls/Wall_Pipes_01_Large.FBX
  artifactKey: Guid(1e29fdbc0eb74451db3081777e2690aa) Importer(2089858483,0ecaa5967403d082aa24f35e1b516d23)
Start importing Assets/_Creepy_Cat/_3D Scifi Kit Starter Kit_HD/_Meshes/Walls/Wall_Pipes_01_Large.FBX using Guid(1e29fdbc0eb74451db3081777e2690aa) Importer(2089858483,0ecaa5967403d082aa24f35e1b516d23) [PhysX] Initialized MultithreadedTaskDispatcher with 16 workers.
 -> (artifact id: 'af975d5ba6313c839c2e4d0f71a98882') in 0.041993 seconds
Number of updated asset objects reloaded before import = 0
Number of asset objects unloaded after import = 9
========================================================================
Received Import Request.
  Time since last request: 0.000031 seconds.
  path: Assets/_Creepy_Cat/_3D Scifi Kit Starter Kit_HD/_Textures/HD_Wall_03_Dif_Style_02_Illum.png
  artifactKey: Guid(03f01017ef458470bb9cfb1f0577b7e7) Importer(2089858483,0ecaa5967403d082aa24f35e1b516d23)
Start importing Assets/_Creepy_Cat/_3D Scifi Kit Starter Kit_HD/_Textures/HD_Wall_03_Dif_Style_02_Illum.png using Guid(03f01017ef458470bb9cfb1f0577b7e7) Importer(2089858483,0ecaa5967403d082aa24f35e1b516d23) [PhysX] Initialized MultithreadedTaskDispatcher with 16 workers.
 -> (artifact id: '32a83d7fb8e3d73977ad3b91a4256a50') in 0.034915 seconds
Number of updated asset objects reloaded before import = 0
Number of asset objects unloaded after import = 1
========================================================================
Received Import Request.
  Time since last request: 0.000064 seconds.
  path: Assets/_Creepy_Cat/_3D Scifi Kit Starter Kit_HD/_Textures/HD_Alpha_01_Norm.png
  artifactKey: Guid(2043db8db8a5546fd873b1d16a33d58f) Importer(2089858483,0ecaa5967403d082aa24f35e1b516d23)
Start importing Assets/_Creepy_Cat/_3D Scifi Kit Starter Kit_HD/_Textures/HD_Alpha_01_Norm.png using Guid(2043db8db8a5546fd873b1d16a33d58f) Importer(2089858483,0ecaa5967403d082aa24f35e1b516d23) [PhysX] Initialized MultithreadedTaskDispatcher with 16 workers.
 -> (artifact id: 'ef81a69fa740da78b7b99cde8c1bd849') in 0.031120 seconds
Number of updated asset objects reloaded before import = 0
Number of asset objects unloaded after import = 1
========================================================================
Received Import Request.
  Time since last request: 0.000021 seconds.
  path: Assets/_Creepy_Cat/_3D Scifi Kit Starter Kit_HD/_Prefabs/Symbols/Num_1.prefab
  artifactKey: Guid(f0757dbdd6d0e47ac8546a717868237b) Importer(2089858483,0ecaa5967403d082aa24f35e1b516d23)
Start importing Assets/_Creepy_Cat/_3D Scifi Kit Starter Kit_HD/_Prefabs/Symbols/Num_1.prefab using Guid(f0757dbdd6d0e47ac8546a717868237b) Importer(2089858483,0ecaa5967403d082aa24f35e1b516d23) [PhysX] Initialized MultithreadedTaskDispatcher with 16 workers.
 -> (artifact id: '907b036a40fd10042a486f06d7432f0f') in 0.018078 seconds
Number of updated asset objects reloaded before import = 0
Number of asset objects unloaded after import = 9
========================================================================
Received Import Request.
  Time since last request: 0.000023 seconds.
  path: Assets/_Creepy_Cat/_3D Scifi Kit Starter Kit_HD/_Prefabs/Stairways/Stairway_Angle_Right_01.prefab
  artifactKey: Guid(1a4301cd99a4740afa192f72a10c7ce3) Importer(2089858483,0ecaa5967403d082aa24f35e1b516d23)
Start importing Assets/_Creepy_Cat/_3D Scifi Kit Starter Kit_HD/_Prefabs/Stairways/Stairway_Angle_Right_01.prefab using Guid(1a4301cd99a4740afa192f72a10c7ce3) Importer(2089858483,0ecaa5967403d082aa24f35e1b516d23) [PhysX] Initialized MultithreadedTaskDispatcher with 16 workers.
 -> (artifact id: '79cd55ea2e241ba3886b93faac792c91') in 0.023228 seconds
Number of updated asset objects reloaded before import = 0
Number of asset objects unloaded after import = 55
========================================================================
Received Import Request.
  Time since last request: 0.000030 seconds.
  path: Assets/_Creepy_Cat/_3D Scifi Kit Starter Kit_HD/_Prefabs/Props/Airing_01.prefab
  artifactKey: Guid(d8b78681a0006415a824f4e6273244dd) Importer(2089858483,0ecaa5967403d082aa24f35e1b516d23)
Start importing Assets/_Creepy_Cat/_3D Scifi Kit Starter Kit_HD/_Prefabs/Props/Airing_01.prefab using Guid(d8b78681a0006415a824f4e6273244dd) Importer(2089858483,0ecaa5967403d082aa24f35e1b516d23) [PhysX] Initialized MultithreadedTaskDispatcher with 16 workers.
 -> (artifact id: 'd45e793d7cbbde4ebfbabe0ab2d4b7ae') in 0.023502 seconds
Number of updated asset objects reloaded before import = 0
Number of asset objects unloaded after import = 22
========================================================================
Received Import Request.
  Time since last request: 0.000028 seconds.
  path: Assets/_Creepy_Cat/_3D Scifi Kit Starter Kit_HD/_Prefabs/Stairways/Stairway_Plateform_11.prefab
  artifactKey: Guid(06a7a7a89499d431fa61421a0aa0178f) Importer(2089858483,0ecaa5967403d082aa24f35e1b516d23)
Start importing Assets/_Creepy_Cat/_3D Scifi Kit Starter Kit_HD/_Prefabs/Stairways/Stairway_Plateform_11.prefab using Guid(06a7a7a89499d431fa61421a0aa0178f) Importer(2089858483,0ecaa5967403d082aa24f35e1b516d23) [PhysX] Initialized MultithreadedTaskDispatcher with 16 workers.
 -> (artifact id: '25f69c26bc7e9433af18b089b4b0db58') in 0.024143 seconds
Number of updated asset objects reloaded before import = 0
Number of asset objects unloaded after import = 55
========================================================================
Received Import Request.
  Time since last request: 0.000037 seconds.
  path: Assets/_Creepy_Cat/_3D Scifi Kit Starter Kit_HD/_Prefabs/Stuff/Pipes_01.prefab
  artifactKey: Guid(f1887002f23e24e58b1f34d5fd95affb) Importer(2089858483,0ecaa5967403d082aa24f35e1b516d23)
Start importing Assets/_Creepy_Cat/_3D Scifi Kit Starter Kit_HD/_Prefabs/Stuff/Pipes_01.prefab using Guid(f1887002f23e24e58b1f34d5fd95affb) Importer(2089858483,0ecaa5967403d082aa24f35e1b516d23) [PhysX] Initialized MultithreadedTaskDispatcher with 16 workers.
 -> (artifact id: 'b0ea78846dfe4e99c3363b79317b1617') in 0.018511 seconds
Number of updated asset objects reloaded before import = 0
Number of asset objects unloaded after import = 9
========================================================================
Received Import Request.
  Time since last request: 0.000033 seconds.
  path: Assets/_Creepy_Cat/_3D Scifi Kit Starter Kit_HD/_Prefabs/Symbols/Num_5.prefab
  artifactKey: Guid(b20c11b870d8e4cb781fce27ac788924) Importer(2089858483,0ecaa5967403d082aa24f35e1b516d23)
Start importing Assets/_Creepy_Cat/_3D Scifi Kit Starter Kit_HD/_Prefabs/Symbols/Num_5.prefab using Guid(b20c11b870d8e4cb781fce27ac788924) Importer(2089858483,0ecaa5967403d082aa24f35e1b516d23) [PhysX] Initialized MultithreadedTaskDispatcher with 16 workers.
 -> (artifact id: '88bf1ad050fcfb319e57a91632682548') in 0.028697 seconds
Number of updated asset objects reloaded before import = 0
Number of asset objects unloaded after import = 9
========================================================================
Received Import Request.
  Time since last request: 0.000028 seconds.
  path: Assets/_Creepy_Cat/_3D Scifi Kit Starter Kit_HD/_Prefabs/Symbols/Num_7.prefab
  artifactKey: Guid(6407cd45385174b4195aa6873614fdc7) Importer(2089858483,0ecaa5967403d082aa24f35e1b516d23)
Start importing Assets/_Creepy_Cat/_3D Scifi Kit Starter Kit_HD/_Prefabs/Symbols/Num_7.prefab using Guid(6407cd45385174b4195aa6873614fdc7) Importer(2089858483,0ecaa5967403d082aa24f35e1b516d23) [PhysX] Initialized MultithreadedTaskDispatcher with 16 workers.
 -> (artifact id: 'a603522904b8d4255db6e78533e421c2') in 0.244675 seconds
Number of updated asset objects reloaded before import = 0
Number of asset objects unloaded after import = 9
========================================================================
Received Import Request.
  Time since last request: 0.000037 seconds.
  path: Assets/_Creepy_Cat/_3D Scifi Kit Starter Kit_HD/_Prefabs/Stuff/Air_Grid_01.prefab
  artifactKey: Guid(be523d7c447344ad7a4b2ee1c2588fb3) Importer(2089858483,0ecaa5967403d082aa24f35e1b516d23)
Start importing Assets/_Creepy_Cat/_3D Scifi Kit Starter Kit_HD/_Prefabs/Stuff/Air_Grid_01.prefab using Guid(be523d7c447344ad7a4b2ee1c2588fb3) Importer(2089858483,0ecaa5967403d082aa24f35e1b516d23) [PhysX] Initialized MultithreadedTaskDispatcher with 16 workers.
 -> (artifact id: 'a1648a9d0b7d1f4445b979011f74f1e7') in 0.041873 seconds
Number of updated asset objects reloaded before import = 0
Number of asset objects unloaded after import = 14
========================================================================
Received Import Request.
  Time since last request: 0.000044 seconds.
  path: Assets/_Creepy_Cat/_3D Scifi Kit Starter Kit_HD/_Prefabs/Symbols/Num_8.prefab
  artifactKey: Guid(c5a80d9beccc9418e8d40c23d0068acf) Importer(2089858483,0ecaa5967403d082aa24f35e1b516d23)
Start importing Assets/_Creepy_Cat/_3D Scifi Kit Starter Kit_HD/_Prefabs/Symbols/Num_8.prefab using Guid(c5a80d9beccc9418e8d40c23d0068acf) Importer(2089858483,0ecaa5967403d082aa24f35e1b516d23) [PhysX] Initialized MultithreadedTaskDispatcher with 16 workers.
 -> (artifact id: '0ac50cf704decf604b0badf02fb72d9f') in 0.049769 seconds
Number of updated asset objects reloaded before import = 0
Number of asset objects unloaded after import = 9
========================================================================
Received Import Request.
  Time since last request: 0.000029 seconds.
  path: Assets/_Creepy_Cat/_3D Scifi Kit Starter Kit_HD/_Prefabs/Stairways/Stairway_Plateform_10.prefab
  artifactKey: Guid(2544f70679c694d008691c8690df62ee) Importer(2089858483,0ecaa5967403d082aa24f35e1b516d23)
Start importing Assets/_Creepy_Cat/_3D Scifi Kit Starter Kit_HD/_Prefabs/Stairways/Stairway_Plateform_10.prefab using Guid(2544f70679c694d008691c8690df62ee) Importer(2089858483,0ecaa5967403d082aa24f35e1b516d23) [PhysX] Initialized MultithreadedTaskDispatcher with 16 workers.
 -> (artifact id: '227659875f5a105720cb912e4286a477') in 0.036709 seconds
Number of updated asset objects reloaded before import = 0
Number of asset objects unloaded after import = 55
========================================================================
Received Import Request.
  Time since last request: 0.000024 seconds.
  path: Assets/_Creepy_Cat/_3D Scifi Kit Starter Kit_HD/_Prefabs/Walls/Wall_Cube_01_Long.prefab
  artifactKey: Guid(e3e0b82ae5674414297f51b15d993235) Importer(2089858483,0ecaa5967403d082aa24f35e1b516d23)
Start importing Assets/_Creepy_Cat/_3D Scifi Kit Starter Kit_HD/_Prefabs/Walls/Wall_Cube_01_Long.prefab using Guid(e3e0b82ae5674414297f51b15d993235) Importer(2089858483,0ecaa5967403d082aa24f35e1b516d23) [PhysX] Initialized MultithreadedTaskDispatcher with 16 workers.
 -> (artifact id: 'f52cebaf1427880ca077c8e43a72ea5e') in 0.026585 seconds
Number of updated asset objects reloaded before import = 0
Number of asset objects unloaded after import = 10
========================================================================
Received Import Request.
  Time since last request: 0.000027 seconds.
  path: Assets/_Creepy_Cat/_3D Scifi Kit Starter Kit_HD/_Prefabs/Walls/Wall_Inclined_01_Half.prefab
  artifactKey: Guid(588955be0a3f24f3587555cad73fae83) Importer(2089858483,0ecaa5967403d082aa24f35e1b516d23)
Start importing Assets/_Creepy_Cat/_3D Scifi Kit Starter Kit_HD/_Prefabs/Walls/Wall_Inclined_01_Half.prefab using Guid(588955be0a3f24f3587555cad73fae83) Importer(2089858483,0ecaa5967403d082aa24f35e1b516d23) [PhysX] Initialized MultithreadedTaskDispatcher with 16 workers.
 -> (artifact id: '32ec9d839132b8feec8aa14a86efe412') in 0.027267 seconds
Number of updated asset objects reloaded before import = 0
Number of asset objects unloaded after import = 18
========================================================================
Received Import Request.
  Time since last request: 0.000028 seconds.
  path: Assets/_Creepy_Cat/_3D Scifi Kit Starter Kit_HD/_Prefabs/Walls/Wall_Simple_01_Coin.prefab
  artifactKey: Guid(22fc62775f090453b8a270508d2df1a0) Importer(2089858483,0ecaa5967403d082aa24f35e1b516d23)
Start importing Assets/_Creepy_Cat/_3D Scifi Kit Starter Kit_HD/_Prefabs/Walls/Wall_Simple_01_Coin.prefab using Guid(22fc62775f090453b8a270508d2df1a0) Importer(2089858483,0ecaa5967403d082aa24f35e1b516d23) [PhysX] Initialized MultithreadedTaskDispatcher with 16 workers.
 -> (artifact id: 'de411c0cc63d78bbea6bc31354bf66ee') in 0.017820 seconds
Number of updated asset objects reloaded before import = 0
Number of asset objects unloaded after import = 60
========================================================================
Received Import Request.
  Time since last request: 0.000021 seconds.
  path: Assets/_Creepy_Cat/_3D Scifi Kit Starter Kit_HD/_Prefabs/Walls/Wall_Cube_01_Thin.prefab
  artifactKey: Guid(a463311e7766f4cd9a07c9fab912e2a8) Importer(2089858483,0ecaa5967403d082aa24f35e1b516d23)
Start importing Assets/_Creepy_Cat/_3D Scifi Kit Starter Kit_HD/_Prefabs/Walls/Wall_Cube_01_Thin.prefab using Guid(a463311e7766f4cd9a07c9fab912e2a8) Importer(2089858483,0ecaa5967403d082aa24f35e1b516d23) [PhysX] Initialized MultithreadedTaskDispatcher with 16 workers.
 -> (artifact id: 'd42e553b87d4ceed00a3da47a30dc5c0') in 0.033603 seconds
Number of updated asset objects reloaded before import = 0
Number of asset objects unloaded after import = 10
========================================================================
Received Import Request.
  Time since last request: 0.000026 seconds.
  path: Assets/_Creepy_Cat/_3D Scifi Kit Starter Kit_HD/_Prefabs/Walls/Wall_Inclined_02_Coin.prefab
  artifactKey: Guid(499859e5622b54c9ca6e44760a2fcde2) Importer(2089858483,0ecaa5967403d082aa24f35e1b516d23)
Start importing Assets/_Creepy_Cat/_3D Scifi Kit Starter Kit_HD/_Prefabs/Walls/Wall_Inclined_02_Coin.prefab using Guid(499859e5622b54c9ca6e44760a2fcde2) Importer(2089858483,0ecaa5967403d082aa24f35e1b516d23) [PhysX] Initialized MultithreadedTaskDispatcher with 16 workers.
 -> (artifact id: '056ab48b31ece340885dc2d273907786') in 0.026504 seconds
Number of updated asset objects reloaded before import = 0
Number of asset objects unloaded after import = 18
========================================================================
Received Import Request.
  Time since last request: 0.000026 seconds.
  path: Assets/_Creepy_Cat/_3D Scifi Kit Starter Kit_HD/_Prefabs/Walls/Wall_Cube_01_Round.prefab
  artifactKey: Guid(c023e316aa0a9452e815aaef9f5e61eb) Importer(2089858483,0ecaa5967403d082aa24f35e1b516d23)
Start importing Assets/_Creepy_Cat/_3D Scifi Kit Starter Kit_HD/_Prefabs/Walls/Wall_Cube_01_Round.prefab using Guid(c023e316aa0a9452e815aaef9f5e61eb) Importer(2089858483,0ecaa5967403d082aa24f35e1b516d23) [PhysX] Initialized MultithreadedTaskDispatcher with 16 workers.
 -> (artifact id: '4dbc87836dbe42085ba800df64c58966') in 0.029878 seconds
Number of updated asset objects reloaded before import = 0
Number of asset objects unloaded after import = 24
========================================================================
Received Import Request.
  Time since last request: 0.000040 seconds.
  path: Assets/_Creepy_Cat/_3D Scifi Kit Starter Kit_HD/_Prefabs/Walls/Wall_Inclined_01_CoinRight_Half.prefab
  artifactKey: Guid(30b181cf2bc374090ba5d715e09a7f6b) Importer(2089858483,0ecaa5967403d082aa24f35e1b516d23)
Start importing Assets/_Creepy_Cat/_3D Scifi Kit Starter Kit_HD/_Prefabs/Walls/Wall_Inclined_01_CoinRight_Half.prefab using Guid(30b181cf2bc374090ba5d715e09a7f6b) Importer(2089858483,0ecaa5967403d082aa24f35e1b516d23) [PhysX] Initialized MultithreadedTaskDispatcher with 16 workers.
 -> (artifact id: 'e8f9b591e0b86a7cbe1836f8f9985307') in 0.040106 seconds
Number of updated asset objects reloaded before import = 0
Number of asset objects unloaded after import = 33
========================================================================
Received Import Request.
  Time since last request: 0.000036 seconds.
  path: Assets/_Creepy_Cat/_3D Scifi Kit Starter Kit_HD/_Prefabs/Stuff/Beam_01.prefab
  artifactKey: Guid(f5a025b48724a4150a1d6973ebd897dc) Importer(2089858483,0ecaa5967403d082aa24f35e1b516d23)
Start importing Assets/_Creepy_Cat/_3D Scifi Kit Starter Kit_HD/_Prefabs/Stuff/Beam_01.prefab using Guid(f5a025b48724a4150a1d6973ebd897dc) Importer(2089858483,0ecaa5967403d082aa24f35e1b516d23) [PhysX] Initialized MultithreadedTaskDispatcher with 16 workers.
 -> (artifact id: 'b14b8fd2404def38af4d29e82eab62ff') in 0.026941 seconds
Number of updated asset objects reloaded before import = 0
Number of asset objects unloaded after import = 29
========================================================================
Received Import Request.
  Time since last request: 0.000029 seconds.
  path: Assets/_Creepy_Cat/_3D Scifi Kit Starter Kit_HD/_Prefabs/Walls/Porthole_01_Long.prefab
  artifactKey: Guid(32b92806568114f7f8a2c419fdf23bea) Importer(2089858483,0ecaa5967403d082aa24f35e1b516d23)
Start importing Assets/_Creepy_Cat/_3D Scifi Kit Starter Kit_HD/_Prefabs/Walls/Porthole_01_Long.prefab using Guid(32b92806568114f7f8a2c419fdf23bea) Importer(2089858483,0ecaa5967403d082aa24f35e1b516d23) [PhysX] Initialized MultithreadedTaskDispatcher with 16 workers.
 -> (artifact id: 'b412dedeb919d5dd1951d2d4ed73baac') in 0.030771 seconds
Number of updated asset objects reloaded before import = 0
Number of asset objects unloaded after import = 77
========================================================================
Received Import Request.
  Time since last request: 0.000032 seconds.
  path: Assets/_Creepy_Cat/_3D Scifi Kit Starter Kit_HD/_Prefabs/Props/Crate_01.prefab
  artifactKey: Guid(031729a7ef10c4aa1b5e0060c2f63acd) Importer(2089858483,0ecaa5967403d082aa24f35e1b516d23)
Start importing Assets/_Creepy_Cat/_3D Scifi Kit Starter Kit_HD/_Prefabs/Props/Crate_01.prefab using Guid(031729a7ef10c4aa1b5e0060c2f63acd) Importer(2089858483,0ecaa5967403d082aa24f35e1b516d23) [PhysX] Initialized MultithreadedTaskDispatcher with 16 workers.
 -> (artifact id: 'af997bc0f55f82263b17f2e2495ef72b') in 0.018822 seconds
Number of updated asset objects reloaded before import = 0
Number of asset objects unloaded after import = 33
========================================================================
Received Import Request.
  Time since last request: 0.000033 seconds.
  path: Assets/_Creepy_Cat/_3D Scifi Kit Starter Kit_HD/_Prefabs/Walls/Wall_Gear_03_Half.prefab
  artifactKey: Guid(96f31f9addab74c95b4a7aa93233e751) Importer(2089858483,0ecaa5967403d082aa24f35e1b516d23)
Start importing Assets/_Creepy_Cat/_3D Scifi Kit Starter Kit_HD/_Prefabs/Walls/Wall_Gear_03_Half.prefab using Guid(96f31f9addab74c95b4a7aa93233e751) Importer(2089858483,0ecaa5967403d082aa24f35e1b516d23) [PhysX] Initialized MultithreadedTaskDispatcher with 16 workers.
 -> (artifact id: '4040cca5edfeb0782d5587202f6a6932') in 0.020573 seconds
Number of updated asset objects reloaded before import = 0
Number of asset objects unloaded after import = 9
========================================================================
Received Import Request.
  Time since last request: 0.000027 seconds.
  path: Assets/_Creepy_Cat/_3D Scifi Kit Starter Kit_HD/_Prefabs/Walls/Wall_Cube_01_Flat.prefab
  artifactKey: Guid(271b42eb6bd664960b8dff0a6433bb1d) Importer(2089858483,0ecaa5967403d082aa24f35e1b516d23)
Start importing Assets/_Creepy_Cat/_3D Scifi Kit Starter Kit_HD/_Prefabs/Walls/Wall_Cube_01_Flat.prefab using Guid(271b42eb6bd664960b8dff0a6433bb1d) Importer(2089858483,0ecaa5967403d082aa24f35e1b516d23) [PhysX] Initialized MultithreadedTaskDispatcher with 16 workers.
 -> (artifact id: '5246a4d59aa9766770a0be43631f57a1') in 0.032669 seconds
Number of updated asset objects reloaded before import = 0
Number of asset objects unloaded after import = 9
========================================================================
Received Import Request.
  Time since last request: 0.000025 seconds.
  path: Assets/_Creepy_Cat/_3D Scifi Kit Starter Kit_HD/_Prefabs/Walls/Wall_Pipes_02_Large.prefab
  artifactKey: Guid(49c6cada7ed484c158ec10a1e2745a64) Importer(2089858483,0ecaa5967403d082aa24f35e1b516d23)
Start importing Assets/_Creepy_Cat/_3D Scifi Kit Starter Kit_HD/_Prefabs/Walls/Wall_Pipes_02_Large.prefab using Guid(49c6cada7ed484c158ec10a1e2745a64) Importer(2089858483,0ecaa5967403d082aa24f35e1b516d23) [PhysX] Initialized MultithreadedTaskDispatcher with 16 workers.
 -> (artifact id: 'b076924abcc3c80951fba4c64c116a8a') in 0.020614 seconds
Number of updated asset objects reloaded before import = 0
Number of asset objects unloaded after import = 26
========================================================================
Received Import Request.
  Time since last request: 0.000030 seconds.
  path: Assets/_Creepy_Cat/_3D Scifi Kit Starter Kit_HD/_Prefabs/Walls/Wall_Simple_02_Long.prefab
  artifactKey: Guid(a27242662722e417d9fe08ebbf85eb51) Importer(2089858483,0ecaa5967403d082aa24f35e1b516d23)
Start importing Assets/_Creepy_Cat/_3D Scifi Kit Starter Kit_HD/_Prefabs/Walls/Wall_Simple_02_Long.prefab using Guid(a27242662722e417d9fe08ebbf85eb51) Importer(2089858483,0ecaa5967403d082aa24f35e1b516d23) [PhysX] Initialized MultithreadedTaskDispatcher with 16 workers.
 -> (artifact id: 'b66980045f6eb0713a23676b97abfb78') in 0.027195 seconds
Number of updated asset objects reloaded before import = 0
Number of asset objects unloaded after import = 42
========================================================================
Received Import Request.
  Time since last request: 0.000030 seconds.
  path: Assets/_Creepy_Cat/_3D Scifi Kit Starter Kit_HD/_Textures/HD_Wall_04_Dif_Style_02_Illum.png
  artifactKey: Guid(2f3ad2223cd0e45b68ee63f8ffa4ea0c) Importer(2089858483,0ecaa5967403d082aa24f35e1b516d23)
Start importing Assets/_Creepy_Cat/_3D Scifi Kit Starter Kit_HD/_Textures/HD_Wall_04_Dif_Style_02_Illum.png using Guid(2f3ad2223cd0e45b68ee63f8ffa4ea0c) Importer(2089858483,0ecaa5967403d082aa24f35e1b516d23) [PhysX] Initialized MultithreadedTaskDispatcher with 16 workers.
 -> (artifact id: '02336a367f5b1a0957d0ed4bad5023c1') in 0.031869 seconds
Number of updated asset objects reloaded before import = 0
Number of asset objects unloaded after import = 1
========================================================================
Received Import Request.
  Time since last request: 0.000072 seconds.
  path: Assets/Wahitecture/AlienCharacter/Textures/SkinC_O_T.png
  artifactKey: Guid(36865ca9b0f171b45b72d0286a9053a4) Importer(2089858483,0ecaa5967403d082aa24f35e1b516d23)
Start importing Assets/Wahitecture/AlienCharacter/Textures/SkinC_O_T.png using Guid(36865ca9b0f171b45b72d0286a9053a4) Importer(2089858483,0ecaa5967403d082aa24f35e1b516d23) [PhysX] Initialized MultithreadedTaskDispatcher with 16 workers.
 -> (artifact id: 'e72d8ffa91c1e347b90f9749b9d8d9fb') in 0.038597 seconds
Number of updated asset objects reloaded before import = 0
Number of asset objects unloaded after import = 1
========================================================================
Received Import Request.
  Time since last request: 0.000025 seconds.
  path: Assets/_Creepy_Cat/_3D Scifi Kit Starter Kit_HD/_Meshes/Floors/Floor_Coin_01_Small.FBX
  artifactKey: Guid(ad7932fb81ac0428b957e1bd0a7cb753) Importer(2089858483,0ecaa5967403d082aa24f35e1b516d23)
Start importing Assets/_Creepy_Cat/_3D Scifi Kit Starter Kit_HD/_Meshes/Floors/Floor_Coin_01_Small.FBX using Guid(ad7932fb81ac0428b957e1bd0a7cb753) Importer(2089858483,0ecaa5967403d082aa24f35e1b516d23) [PhysX] Initialized MultithreadedTaskDispatcher with 16 workers.
 -> (artifact id: '55287db28c6d1cb24a34b34065c5a57f') in 0.031184 seconds
Number of updated asset objects reloaded before import = 0
Number of asset objects unloaded after import = 9
========================================================================
Received Import Request.
  Time since last request: 0.000020 seconds.
  path: Assets/_Creepy_Cat/_3D Scifi Kit Starter Kit_HD/_Textures/_Skybox/Reflection.cubemap
  artifactKey: Guid(a791a4a67fb8c4ad2a3b9b0254e06992) Importer(2089858483,0ecaa5967403d082aa24f35e1b516d23)
Start importing Assets/_Creepy_Cat/_3D Scifi Kit Starter Kit_HD/_Textures/_Skybox/Reflection.cubemap using Guid(a791a4a67fb8c4ad2a3b9b0254e06992) Importer(2089858483,0ecaa5967403d082aa24f35e1b516d23) [PhysX] Initialized MultithreadedTaskDispatcher with 16 workers.
 -> (artifact id: 'd29a37523cab00e2c5333daf25dd017a') in 0.124382 seconds
Number of updated asset objects reloaded before import = 0
Number of asset objects unloaded after import = 1
========================================================================
Received Import Request.
  Time since last request: 0.000029 seconds.
  path: Assets/_Creepy_Cat/_3D Scifi Kit Starter Kit_HD/_Textures/_Skybox/render1.png
  artifactKey: Guid(5f7489d75ec074371a72dd51bbf65e77) Importer(2089858483,0ecaa5967403d082aa24f35e1b516d23)
Start importing Assets/_Creepy_Cat/_3D Scifi Kit Starter Kit_HD/_Textures/_Skybox/render1.png using Guid(5f7489d75ec074371a72dd51bbf65e77) Importer(2089858483,0ecaa5967403d082aa24f35e1b516d23) [PhysX] Initialized MultithreadedTaskDispatcher with 16 workers.
 -> (artifact id: '241aa46ba85de5f209f827bd764bc958') in 0.026420 seconds
Number of updated asset objects reloaded before import = 0
Number of asset objects unloaded after import = 1
========================================================================
Received Import Request.
  Time since last request: 0.000031 seconds.
  path: Assets/_Creepy_Cat/_3D Scifi Kit Starter Kit_HD/_Textures/_Others/HUD_Screen_02.png
  artifactKey: Guid(9b04da686b180471c90ef3bfabb7c544) Importer(2089858483,0ecaa5967403d082aa24f35e1b516d23)
Start importing Assets/_Creepy_Cat/_3D Scifi Kit Starter Kit_HD/_Textures/_Others/HUD_Screen_02.png using Guid(9b04da686b180471c90ef3bfabb7c544) Importer(2089858483,0ecaa5967403d082aa24f35e1b516d23) [PhysX] Initialized MultithreadedTaskDispatcher with 16 workers.
 -> (artifact id: 'a95ac469ff9d4b41e6e167550dd6e303') in 0.024581 seconds
Number of updated asset objects reloaded before import = 0
Number of asset objects unloaded after import = 1
========================================================================
Received Import Request.
  Time since last request: 0.000035 seconds.
  path: Assets/_Creepy_Cat/_3D Scifi Kit Starter Kit_HD/_Meshes/Stuff/Grid_01.FBX
  artifactKey: Guid(dcd4de962a5c64775ab2984d58275ea8) Importer(2089858483,0ecaa5967403d082aa24f35e1b516d23)
Start importing Assets/_Creepy_Cat/_3D Scifi Kit Starter Kit_HD/_Meshes/Stuff/Grid_01.FBX using Guid(dcd4de962a5c64775ab2984d58275ea8) Importer(2089858483,0ecaa5967403d082aa24f35e1b516d23) [PhysX] Initialized MultithreadedTaskDispatcher with 16 workers.
 -> (artifact id: '6ae9c807243632825dd1d0b5b8cb05dc') in 0.033252 seconds
Number of updated asset objects reloaded before import = 0
Number of asset objects unloaded after import = 9
========================================================================
Received Import Request.
  Time since last request: 0.000021 seconds.
  path: Assets/_Creepy_Cat/_3D Scifi Kit Starter Kit_HD/_Meshes/Stairways/Stairway_Plateform_10.FBX
  artifactKey: Guid(0cfeabe22ad8f4421b3ceaf3b706c38a) Importer(2089858483,0ecaa5967403d082aa24f35e1b516d23)
Start importing Assets/_Creepy_Cat/_3D Scifi Kit Starter Kit_HD/_Meshes/Stairways/Stairway_Plateform_10.FBX using Guid(0cfeabe22ad8f4421b3ceaf3b706c38a) Importer(2089858483,0ecaa5967403d082aa24f35e1b516d23) [PhysX] Initialized MultithreadedTaskDispatcher with 16 workers.
 -> (artifact id: 'a28ceb8dae9c8cec810e10607c953415') in 0.033830 seconds
Number of updated asset objects reloaded before import = 0
Number of asset objects unloaded after import = 9
========================================================================
Received Import Request.
  Time since last request: 0.000036 seconds.
  path: Assets/_Creepy_Cat/_3D Scifi Kit Starter Kit_HD/_Prefabs/Stairways/Stairway_Plateform_09.prefab
  artifactKey: Guid(7c27fc7c479a841d99471110be726643) Importer(2089858483,0ecaa5967403d082aa24f35e1b516d23)
Start importing Assets/_Creepy_Cat/_3D Scifi Kit Starter Kit_HD/_Prefabs/Stairways/Stairway_Plateform_09.prefab using Guid(7c27fc7c479a841d99471110be726643) Importer(2089858483,0ecaa5967403d082aa24f35e1b516d23) [PhysX] Initialized MultithreadedTaskDispatcher with 16 workers.
 -> (artifact id: '9e8ffda67aa3bd476f024c6da25fba9d') in 0.027413 seconds
Number of updated asset objects reloaded before import = 0
Number of asset objects unloaded after import = 55
========================================================================
Received Import Request.
  Time since last request: 0.000026 seconds.
  path: Assets/_Creepy_Cat/_3D Scifi Kit Starter Kit/_Textures/Wall_Atlas_01_Metal.tif
  artifactKey: Guid(f43f3348a6328471e9394b42a0c39e50) Importer(2089858483,0ecaa5967403d082aa24f35e1b516d23)
Start importing Assets/_Creepy_Cat/_3D Scifi Kit Starter Kit/_Textures/Wall_Atlas_01_Metal.tif using Guid(f43f3348a6328471e9394b42a0c39e50) Importer(2089858483,0ecaa5967403d082aa24f35e1b516d23) [PhysX] Initialized MultithreadedTaskDispatcher with 16 workers.
 -> (artifact id: 'c11ed6d38b621c2a8d1412cdf5bfadb4') in 0.054564 seconds
Number of updated asset objects reloaded before import = 0
Number of asset objects unloaded after import = 1
========================================================================
Received Import Request.
  Time since last request: 0.000029 seconds.
  path: Assets/_Creepy_Cat/_3D Scifi Kit Starter Kit_HD/_Textures/HD_Wall_07_Dif_Style_02_Illum.png
  artifactKey: Guid(c4defebd4e41b42c38d2c0002c878d46) Importer(2089858483,0ecaa5967403d082aa24f35e1b516d23)
Start importing Assets/_Creepy_Cat/_3D Scifi Kit Starter Kit_HD/_Textures/HD_Wall_07_Dif_Style_02_Illum.png using Guid(c4defebd4e41b42c38d2c0002c878d46) Importer(2089858483,0ecaa5967403d082aa24f35e1b516d23) [PhysX] Initialized MultithreadedTaskDispatcher with 16 workers.
 -> (artifact id: 'fdbff6bd901c1f61c2537e2622224f8d') in 0.026847 seconds
Number of updated asset objects reloaded before import = 0
Number of asset objects unloaded after import = 1
========================================================================
Received Import Request.
  Time since last request: 0.000024 seconds.
  path: Assets/_Creepy_Cat/_3D Scifi Kit Starter Kit_HD/_Meshes/Floors/Floor_Third_03_Strip_2x6.FBX
  artifactKey: Guid(b55b61236e52a4cbab3506d79e3488c4) Importer(2089858483,0ecaa5967403d082aa24f35e1b516d23)
Start importing Assets/_Creepy_Cat/_3D Scifi Kit Starter Kit_HD/_Meshes/Floors/Floor_Third_03_Strip_2x6.FBX using Guid(b55b61236e52a4cbab3506d79e3488c4) Importer(2089858483,0ecaa5967403d082aa24f35e1b516d23) [PhysX] Initialized MultithreadedTaskDispatcher with 16 workers.
 -> (artifact id: 'ead903b857a68fac9fea3b3866d37c3f') in 0.033076 seconds
Number of updated asset objects reloaded before import = 0
Number of asset objects unloaded after import = 9
Editor requested this worker to shutdown with reason: Scaling down because of idle timeout
TcpMessagingSession - receive error: operation aborted. errorcode: 995, details: Der E/A-Vorgang wurde wegen eines Threadendes oder einer Anwendungsanforderung abgebrochen.
AssetImportWorker is now disconnected from the server
Process exiting
Exiting without the bug reporter. Application will terminate with return code 0