Using pre-set license
Built from '2022.3/staging' branch; Version is '2022.3.47f1 (88c277b85d21) revision 8962679'; Using compiler version '192829333'; Build Type 'Release'
OS: 'Windows 10  (10.0.19045) 64bit Professional' Language: 'de' Physical Memory: 16308 MB
BatchMode: 1, IsHumanControllingUs: 0, StartBugReporterOnCrash: 0, Is64bit: 1, IsPro: 1

COMMAND LINE ARGUMENTS:
C:\Program Files\Unity\Hub\Editor\2022.3.47f1\Editor\Unity.exe
-adb2
-batchMode
-noUpm
-name
AssetImportWorker3
-projectPath
C:/Users/namem/Desktop/Studium/sem5/game/trees/behaviourtrees/behaviourtrees
-logFile
Logs/AssetImportWorker3.log
-srvPort
2290
Successfully changed project path to: C:/Users/namem/Desktop/Studium/sem5/game/trees/behaviourtrees/behaviourtrees
C:/Users/namem/Desktop/Studium/sem5/game/trees/behaviourtrees/behaviourtrees
[UnityMemory] Configuration Parameters - Can be set up in boot.config
    "memorysetup-bucket-allocator-granularity=16"
    "memorysetup-bucket-allocator-bucket-count=8"
    "memorysetup-bucket-allocator-block-size=33554432"
    "memorysetup-bucket-allocator-block-count=8"
    "memorysetup-main-allocator-block-size=16777216"
    "memorysetup-thread-allocator-block-size=16777216"
    "memorysetup-gfx-main-allocator-block-size=16777216"
    "memorysetup-gfx-thread-allocator-block-size=16777216"
    "memorysetup-cache-allocator-block-size=4194304"
    "memorysetup-typetree-allocator-block-size=2097152"
    "memorysetup-profiler-bucket-allocator-granularity=16"
    "memorysetup-profiler-bucket-allocator-bucket-count=8"
    "memorysetup-profiler-bucket-allocator-block-size=33554432"
    "memorysetup-profiler-bucket-allocator-block-count=8"
    "memorysetup-profiler-allocator-block-size=16777216"
    "memorysetup-profiler-editor-allocator-block-size=1048576"
    "memorysetup-temp-allocator-size-main=16777216"
    "memorysetup-job-temp-allocator-block-size=2097152"
    "memorysetup-job-temp-allocator-block-size-background=1048576"
    "memorysetup-job-temp-allocator-reduction-small-platforms=262144"
    "memorysetup-allocator-temp-initial-block-size-main=262144"
    "memorysetup-allocator-temp-initial-block-size-worker=262144"
    "memorysetup-temp-allocator-size-background-worker=32768"
    "memorysetup-temp-allocator-size-job-worker=262144"
    "memorysetup-temp-allocator-size-preload-manager=33554432"
    "memorysetup-temp-allocator-size-nav-mesh-worker=65536"
    "memorysetup-temp-allocator-size-audio-worker=65536"
    "memorysetup-temp-allocator-size-cloud-worker=32768"
    "memorysetup-temp-allocator-size-gi-baking-worker=262144"
    "memorysetup-temp-allocator-size-gfx=262144"
Player connection [14256]  Target information:

Player connection [14256]  * "[IP] 192.168.178.96 [Port] 0 [Flags] 2 [Guid] 639988117 [EditorId] 639988117 [Version] 1048832 [Id] WindowsEditor(7,lau) [Debug] 1 [PackageName] WindowsEditor [ProjectName] Editor" 

Player connection [14256]  * "[IP] 172.27.128.1 [Port] 0 [Flags] 2 [Guid] 639988117 [EditorId] 639988117 [Version] 1048832 [Id] WindowsEditor(7,lau) [Debug] 1 [PackageName] WindowsEditor [ProjectName] Editor" 

Player connection [14256]  * "[IP] 169.254.100.248 [Port] 0 [Flags] 2 [Guid] 639988117 [EditorId] 639988117 [Version] 1048832 [Id] WindowsEditor(7,lau) [Debug] 1 [PackageName] WindowsEditor [ProjectName] Editor" 

Player connection [14256]  * "[IP] 169.254.4.157 [Port] 0 [Flags] 2 [Guid] 639988117 [EditorId] 639988117 [Version] 1048832 [Id] WindowsEditor(7,lau) [Debug] 1 [PackageName] WindowsEditor [ProjectName] Editor" 

Player connection [14256]  * "[IP] 172.16.0.2 [Port] 0 [Flags] 2 [Guid] 639988117 [EditorId] 639988117 [Version] 1048832 [Id] WindowsEditor(7,lau) [Debug] 1 [PackageName] WindowsEditor [ProjectName] Editor" 

Player connection [14256] Host joined multi-casting on [225.0.0.222:54997]...
Player connection [14256] Host joined alternative multi-casting on [225.0.0.222:34997]...
[PhysX] Initialized MultithreadedTaskDispatcher with 16 workers.
Refreshing native plugins compatible for Editor in 181.37 ms, found 3 plugins.
Preloading 0 native plugins for Editor in 0.00 ms.
Initialize engine version: 2022.3.47f1 (88c277b85d21)
[Subsystems] Discovering subsystems at path C:/Program Files/Unity/Hub/Editor/2022.3.47f1/Editor/Data/Resources/UnitySubsystems
[Subsystems] Discovering subsystems at path C:/Users/namem/Desktop/Studium/sem5/game/trees/behaviourtrees/behaviourtrees/Assets
GfxDevice: creating device client; threaded=0; jobified=0
Direct3D:
    Version:  Direct3D 11.0 [level 11.1]
    Renderer: AMD Radeon RX 5700 XT (ID=0x731f)
    Vendor:   ATI
    VRAM:     8131 MB
    Driver:   32.0.12019.1028
Initialize mono
Mono path[0] = 'C:/Program Files/Unity/Hub/Editor/2022.3.47f1/Editor/Data/Managed'
Mono path[1] = 'C:/Program Files/Unity/Hub/Editor/2022.3.47f1/Editor/Data/MonoBleedingEdge/lib/mono/unityjit-win32'
Mono config path = 'C:/Program Files/Unity/Hub/Editor/2022.3.47f1/Editor/Data/MonoBleedingEdge/etc'
Using monoOptions --debugger-agent=transport=dt_socket,embedding=1,server=y,suspend=n,address=127.0.0.1:56760
Begin MonoManager ReloadAssembly
Registering precompiled unity dll's ...
Register platform support module: C:/Program Files/Unity/Hub/Editor/2022.3.47f1/Editor/Data/PlaybackEngines/WindowsStandaloneSupport/UnityEditor.WindowsStandalone.Extensions.dll
Registered in 0.008170 seconds.
- Loaded All Assemblies, in  0.563 seconds
Native extension for WindowsStandalone target not found
Mono: successfully reloaded assembly
- Finished resetting the current domain, in  0.432 seconds
Domain Reload Profiling: 994ms
	BeginReloadAssembly (176ms)
		ExecutionOrderSort (0ms)
		DisableScriptedObjects (0ms)
		BackupInstance (0ms)
		ReleaseScriptingObjects (0ms)
		CreateAndSetChildDomain (1ms)
	RebuildCommonClasses (54ms)
	RebuildNativeTypeToScriptingClass (15ms)
	initialDomainReloadingComplete (85ms)
	LoadAllAssembliesAndSetupDomain (232ms)
		LoadAssemblies (174ms)
		RebuildTransferFunctionScriptingTraits (0ms)
		AnalyzeDomain (229ms)
			TypeCache.Refresh (227ms)
				TypeCache.ScanAssembly (208ms)
			ScanForSourceGeneratedMonoScriptInfo (1ms)
			ResolveRequiredComponents (1ms)
	FinalizeReload (433ms)
		ReleaseScriptCaches (0ms)
		RebuildScriptCaches (0ms)
		SetupLoadedEditorAssemblies (359ms)
			LogAssemblyErrors (0ms)
			InitializePlatformSupportModulesInManaged (13ms)
			SetLoadedEditorAssemblies (11ms)
			RefreshPlugins (0ms)
			BeforeProcessingInitializeOnLoad (3ms)
			ProcessInitializeOnLoadAttributes (242ms)
			ProcessInitializeOnLoadMethodAttributes (92ms)
			AfterProcessingInitializeOnLoad (0ms)
			EditorAssembliesLoaded (0ms)
		ExecutionOrderSort2 (0ms)
		AwakeInstancesAfterBackupRestoration (0ms)
========================================================================
Worker process is ready to serve import requests
Caller must complete domain reload
Begin MonoManager ReloadAssembly
- Loaded All Assemblies, in  1.062 seconds
Native extension for WindowsStandalone target not found
Mono: successfully reloaded assembly
- Finished resetting the current domain, in  0.981 seconds
Domain Reload Profiling: 2042ms
	BeginReloadAssembly (258ms)
		ExecutionOrderSort (0ms)
		DisableScriptedObjects (8ms)
		BackupInstance (0ms)
		ReleaseScriptingObjects (0ms)
		CreateAndSetChildDomain (26ms)
	RebuildCommonClasses (56ms)
	RebuildNativeTypeToScriptingClass (19ms)
	initialDomainReloadingComplete (60ms)
	LoadAllAssembliesAndSetupDomain (667ms)
		LoadAssemblies (552ms)
		RebuildTransferFunctionScriptingTraits (0ms)
		AnalyzeDomain (286ms)
			TypeCache.Refresh (248ms)
				TypeCache.ScanAssembly (225ms)
			ScanForSourceGeneratedMonoScriptInfo (29ms)
			ResolveRequiredComponents (7ms)
	FinalizeReload (982ms)
		ReleaseScriptCaches (0ms)
		RebuildScriptCaches (0ms)
		SetupLoadedEditorAssemblies (763ms)
			LogAssemblyErrors (0ms)
			InitializePlatformSupportModulesInManaged (8ms)
			SetLoadedEditorAssemblies (6ms)
			RefreshPlugins (0ms)
			BeforeProcessingInitializeOnLoad (99ms)
			ProcessInitializeOnLoadAttributes (614ms)
			ProcessInitializeOnLoadMethodAttributes (29ms)
			AfterProcessingInitializeOnLoad (7ms)
			EditorAssembliesLoaded (0ms)
		ExecutionOrderSort2 (0ms)
		AwakeInstancesAfterBackupRestoration (9ms)
Launched and connected shader compiler UnityShaderCompiler.exe after 0.08 seconds
Refreshing native plugins compatible for Editor in 6.15 ms, found 3 plugins.
Preloading 0 native plugins for Editor in 0.00 ms.
Unloading 3146 Unused Serialized files (Serialized files now loaded: 0)
Unloading 19 unused Assets / (54.7 KB). Loaded Objects now: 3619.
Memory consumption went from 120.6 MB to 120.6 MB.
Total: 5.495000 ms (FindLiveObjects: 0.485200 ms CreateObjectMapping: 0.341200 ms MarkObjects: 4.503000 ms  DeleteObjects: 0.163400 ms)

AssetImportParameters requested are different than current active one (requested -> active):
  custom:container-demuxer-ogg: 62fdf1f143b41e24485cea50d1cbac27 -> 
  custom:video-decoder-ogg-theora: a1e56fd34408186e4bbccfd4996cb3dc -> 
  custom:framework-win-MediaFoundation: 216162199b28c13a410421893ffa2e32 -> 
  custom:CustomObjectIndexerAttribute: 9a22284fe3817be447336de3de66b15e -> 
  custom:container-demuxer-webm: 4f35f7cbe854078d1ac9338744f61a02 -> 
  custom:container-muxer-webm: aa71ff27fc2769a1b78a27578f13a17b -> 
  custom:video-decoder-webm-vp8: 9c59270c3fd7afecdb556c50c9e8de78 -> 
  custom:SearchIndexIgnoredProperties: e643bd26f0fe6173181afceb89e7c659 -> 
  custom:AudioImporter_EditorPlatform: d09bf68614088b80899f8185d706f6e7 -> 
  custom:video-encoder-webm-vp8: eb34c28f22e8b96e1ab97ce403110664 -> 
  custom:audio-decoder-ogg-vorbis: bf7c407c2cedff20999df2af8eb42d56 -> 
  custom:audio-encoder-webm-vorbis: bf7c407c2cedff20999df2af8eb42d56 -> 
========================================================================
Received Import Request.
  Time since last request: 3898.075665 seconds.
  path: Assets/_Creepy_Cat/_3D Scifi Kit Starter Kit_HD/_Textures/HD_Wall_01_Dif_Style_02_AO.png
  artifactKey: Guid(4a3b4ac6efa3a4001aada6b0d6822cdf) Importer(2089858483,0ecaa5967403d082aa24f35e1b516d23)
Start importing Assets/_Creepy_Cat/_3D Scifi Kit Starter Kit_HD/_Textures/HD_Wall_01_Dif_Style_02_AO.png using Guid(4a3b4ac6efa3a4001aada6b0d6822cdf) Importer(2089858483,0ecaa5967403d082aa24f35e1b516d23) [PhysX] Initialized MultithreadedTaskDispatcher with 16 workers.
 -> (artifact id: '8abb213f636a22985fdbef363740961c') in 0.192053 seconds
Number of updated asset objects reloaded before import = 0
Number of asset objects unloaded after import = 1
========================================================================
Received Import Request.
  Time since last request: 0.000042 seconds.
  path: Assets/_Creepy_Cat/_3D Scifi Kit Starter Kit_HD/_Meshes/Walls/Wall_Cube_02_Flat.FBX
  artifactKey: Guid(368226022ad3541fdae89c0303df3a50) Importer(2089858483,0ecaa5967403d082aa24f35e1b516d23)
Start importing Assets/_Creepy_Cat/_3D Scifi Kit Starter Kit_HD/_Meshes/Walls/Wall_Cube_02_Flat.FBX using Guid(368226022ad3541fdae89c0303df3a50) Importer(2089858483,0ecaa5967403d082aa24f35e1b516d23) [PhysX] Initialized MultithreadedTaskDispatcher with 16 workers.
 -> (artifact id: '34ba6b6326bd80619390b31a9f3417f9') in 0.091489 seconds
Number of updated asset objects reloaded before import = 0
Number of asset objects unloaded after import = 9
========================================================================
Received Import Request.
  Time since last request: 0.000027 seconds.
  path: Assets/_Creepy_Cat/_3D Scifi Kit Starter Kit_HD/_Meshes/Walls/Wall_Cube_01_Thin.FBX
  artifactKey: Guid(e42da6eda26d24fd6856e67d9b445212) Importer(2089858483,0ecaa5967403d082aa24f35e1b516d23)
Start importing Assets/_Creepy_Cat/_3D Scifi Kit Starter Kit_HD/_Meshes/Walls/Wall_Cube_01_Thin.FBX using Guid(e42da6eda26d24fd6856e67d9b445212) Importer(2089858483,0ecaa5967403d082aa24f35e1b516d23) [PhysX] Initialized MultithreadedTaskDispatcher with 16 workers.
 -> (artifact id: '40c1ecca1565de5ae942cbd240e37c39') in 0.040744 seconds
Number of updated asset objects reloaded before import = 0
Number of asset objects unloaded after import = 9
========================================================================
Received Import Request.
  Time since last request: 0.000018 seconds.
  path: Assets/_Creepy_Cat/_3D Scifi Kit Starter Kit_HD/_Meshes/Walls/Wall_Cube_01_Coin.FBX
  artifactKey: Guid(5fa67ab7343ea40fda5b46005d066912) Importer(2089858483,0ecaa5967403d082aa24f35e1b516d23)
Start importing Assets/_Creepy_Cat/_3D Scifi Kit Starter Kit_HD/_Meshes/Walls/Wall_Cube_01_Coin.FBX using Guid(5fa67ab7343ea40fda5b46005d066912) Importer(2089858483,0ecaa5967403d082aa24f35e1b516d23) [PhysX] Initialized MultithreadedTaskDispatcher with 16 workers.
 -> (artifact id: '71bd8164f1e2b63bb7a295b5e1f25953') in 0.036930 seconds
Number of updated asset objects reloaded before import = 0
Number of asset objects unloaded after import = 9
========================================================================
Received Import Request.
  Time since last request: 0.000027 seconds.
  path: Assets/_Creepy_Cat/_3D Scifi Kit Starter Kit_HD/_Meshes/Walls/Wall_Inclined_02_CoinLeft.FBX
  artifactKey: Guid(11429a88f3a994d7c9630fc91655e988) Importer(2089858483,0ecaa5967403d082aa24f35e1b516d23)
Start importing Assets/_Creepy_Cat/_3D Scifi Kit Starter Kit_HD/_Meshes/Walls/Wall_Inclined_02_CoinLeft.FBX using Guid(11429a88f3a994d7c9630fc91655e988) Importer(2089858483,0ecaa5967403d082aa24f35e1b516d23) [PhysX] Initialized MultithreadedTaskDispatcher with 16 workers.
 -> (artifact id: '545e031ce7545bf5f01850c10fb02a14') in 0.049134 seconds
Number of updated asset objects reloaded before import = 0
Number of asset objects unloaded after import = 16
========================================================================
Received Import Request.
  Time since last request: 0.000028 seconds.
  path: Assets/_Creepy_Cat/_3D Scifi Kit Starter Kit_HD/_Meshes/Props/Crate_01.FBX
  artifactKey: Guid(7fdf41d6d86b54f17af10304202b1016) Importer(2089858483,0ecaa5967403d082aa24f35e1b516d23)
Start importing Assets/_Creepy_Cat/_3D Scifi Kit Starter Kit_HD/_Meshes/Props/Crate_01.FBX using Guid(7fdf41d6d86b54f17af10304202b1016) Importer(2089858483,0ecaa5967403d082aa24f35e1b516d23) [PhysX] Initialized MultithreadedTaskDispatcher with 16 workers.
 -> (artifact id: '5cce56c2240b6c278b01268704960da3') in 0.043739 seconds
Number of updated asset objects reloaded before import = 0
Number of asset objects unloaded after import = 14
========================================================================
Received Import Request.
  Time since last request: 0.000039 seconds.
  path: Assets/_Creepy_Cat/_3D Scifi Kit Starter Kit_HD/_Meshes/Stuff/Pipes_01.FBX
  artifactKey: Guid(78860e47f525745cca86fb5a3544526b) Importer(2089858483,0ecaa5967403d082aa24f35e1b516d23)
Start importing Assets/_Creepy_Cat/_3D Scifi Kit Starter Kit_HD/_Meshes/Stuff/Pipes_01.FBX using Guid(78860e47f525745cca86fb5a3544526b) Importer(2089858483,0ecaa5967403d082aa24f35e1b516d23) [PhysX] Initialized MultithreadedTaskDispatcher with 16 workers.
 -> (artifact id: '3230b367e678577987240f409c7e92db') in 0.044262 seconds
Number of updated asset objects reloaded before import = 0
Number of asset objects unloaded after import = 9
========================================================================
Received Import Request.
  Time since last request: 0.000036 seconds.
  path: Assets/_Creepy_Cat/_3D Scifi Kit Starter Kit_HD/_Textures/HD_Wall_08_Dif_Style_02_Norm.png
  artifactKey: Guid(8b9a49b7ed5dd469fbe817efd4a02fb6) Importer(2089858483,0ecaa5967403d082aa24f35e1b516d23)
Start importing Assets/_Creepy_Cat/_3D Scifi Kit Starter Kit_HD/_Textures/HD_Wall_08_Dif_Style_02_Norm.png using Guid(8b9a49b7ed5dd469fbe817efd4a02fb6) Importer(2089858483,0ecaa5967403d082aa24f35e1b516d23) [PhysX] Initialized MultithreadedTaskDispatcher with 16 workers.
 -> (artifact id: 'a0d861f4f110ef25325b2178964af780') in 0.066116 seconds
Number of updated asset objects reloaded before import = 0
Number of asset objects unloaded after import = 1
========================================================================
Received Import Request.
  Time since last request: 0.000055 seconds.
  path: Assets/_Creepy_Cat/_3D Scifi Kit Starter Kit/_Meshes/Floor_Normal_01.FBX
  artifactKey: Guid(505a5b8cdef614b96bd7d9b29111d23d) Importer(2089858483,0ecaa5967403d082aa24f35e1b516d23)
Start importing Assets/_Creepy_Cat/_3D Scifi Kit Starter Kit/_Meshes/Floor_Normal_01.FBX using Guid(505a5b8cdef614b96bd7d9b29111d23d) Importer(2089858483,0ecaa5967403d082aa24f35e1b516d23) [PhysX] Initialized MultithreadedTaskDispatcher with 16 workers.
 -> (artifact id: 'e8fc7e4220b268039f630fe707350b6e') in 0.029708 seconds
Number of updated asset objects reloaded before import = 0
Number of asset objects unloaded after import = 7
========================================================================
Received Import Request.
  Time since last request: 0.000025 seconds.
  path: Assets/_Creepy_Cat/_3D Scifi Kit Starter Kit_HD/_Meshes/Symbols/Word_Warning.FBX
  artifactKey: Guid(0ed827b2b3ed540a7844215a0ce07bb7) Importer(2089858483,0ecaa5967403d082aa24f35e1b516d23)
Start importing Assets/_Creepy_Cat/_3D Scifi Kit Starter Kit_HD/_Meshes/Symbols/Word_Warning.FBX using Guid(0ed827b2b3ed540a7844215a0ce07bb7) Importer(2089858483,0ecaa5967403d082aa24f35e1b516d23) [PhysX] Initialized MultithreadedTaskDispatcher with 16 workers.
 -> (artifact id: '5bb85e68d9e1edb0fbf8e4f8e1299111') in 0.051756 seconds
Number of updated asset objects reloaded before import = 0
Number of asset objects unloaded after import = 10
========================================================================
Received Import Request.
  Time since last request: 0.000023 seconds.
  path: Assets/_Creepy_Cat/_3D Scifi Kit Starter Kit_HD/_Meshes/Walls/Column_01_Big.FBX
  artifactKey: Guid(68471fee4c88246a695841998d4a94a4) Importer(2089858483,0ecaa5967403d082aa24f35e1b516d23)
Start importing Assets/_Creepy_Cat/_3D Scifi Kit Starter Kit_HD/_Meshes/Walls/Column_01_Big.FBX using Guid(68471fee4c88246a695841998d4a94a4) Importer(2089858483,0ecaa5967403d082aa24f35e1b516d23) [PhysX] Initialized MultithreadedTaskDispatcher with 16 workers.
 -> (artifact id: '33dd6516ecf62397c10a7e5fdc9f0a9b') in 0.031420 seconds
Number of updated asset objects reloaded before import = 0
Number of asset objects unloaded after import = 9
========================================================================
Received Import Request.
  Time since last request: 0.000031 seconds.
  path: Assets/_Creepy_Cat/_3D Scifi Kit Starter Kit_HD/_Prefabs/Lights/Light_SideLight_04.prefab
  artifactKey: Guid(d53129b78df454ca9974eb0eeb85e69a) Importer(2089858483,0ecaa5967403d082aa24f35e1b516d23)
Start importing Assets/_Creepy_Cat/_3D Scifi Kit Starter Kit_HD/_Prefabs/Lights/Light_SideLight_04.prefab using Guid(d53129b78df454ca9974eb0eeb85e69a) Importer(2089858483,0ecaa5967403d082aa24f35e1b516d23) [PhysX] Initialized MultithreadedTaskDispatcher with 16 workers.
 -> (artifact id: '9f0bb9d5b7af1fed85fe5ba85ac73867') in 0.016591 seconds
Number of updated asset objects reloaded before import = 0
Number of asset objects unloaded after import = 12
========================================================================
Received Import Request.
  Time since last request: 0.000037 seconds.
  path: Assets/_Creepy_Cat/_3D Scifi Kit Starter Kit_HD/_Meshes/Walls/Wall_Simple_01_TurnShort_90.FBX
  artifactKey: Guid(16e8f9a0d1f664330802e4eba8d45b0c) Importer(2089858483,0ecaa5967403d082aa24f35e1b516d23)
Start importing Assets/_Creepy_Cat/_3D Scifi Kit Starter Kit_HD/_Meshes/Walls/Wall_Simple_01_TurnShort_90.FBX using Guid(16e8f9a0d1f664330802e4eba8d45b0c) Importer(2089858483,0ecaa5967403d082aa24f35e1b516d23) [PhysX] Initialized MultithreadedTaskDispatcher with 16 workers.
 -> (artifact id: 'e3d6b54d639b65a1cd64a54cbc743380') in 0.041271 seconds
Number of updated asset objects reloaded before import = 0
Number of asset objects unloaded after import = 9
========================================================================
Received Import Request.
  Time since last request: 0.000024 seconds.
  path: Assets/_Creepy_Cat/_3D Scifi Kit Starter Kit_HD/_Meshes/Walls/Wall_Up_01_Long.FBX
  artifactKey: Guid(764a06fad7a964654b43754bf3d03779) Importer(2089858483,0ecaa5967403d082aa24f35e1b516d23)
Start importing Assets/_Creepy_Cat/_3D Scifi Kit Starter Kit_HD/_Meshes/Walls/Wall_Up_01_Long.FBX using Guid(764a06fad7a964654b43754bf3d03779) Importer(2089858483,0ecaa5967403d082aa24f35e1b516d23) [PhysX] Initialized MultithreadedTaskDispatcher with 16 workers.
 -> (artifact id: 'e71d51e50ebbd7ba564addf0939b7c5b') in 0.038232 seconds
Number of updated asset objects reloaded before import = 0
Number of asset objects unloaded after import = 9
========================================================================
Received Import Request.
  Time since last request: 0.000022 seconds.
  path: Assets/_Creepy_Cat/_3D Scifi Kit Starter Kit_HD/_Meshes/Walls/Wall_Table_01.FBX
  artifactKey: Guid(34425b65658cf45c9b6a8b78bfc6c310) Importer(2089858483,0ecaa5967403d082aa24f35e1b516d23)
Start importing Assets/_Creepy_Cat/_3D Scifi Kit Starter Kit_HD/_Meshes/Walls/Wall_Table_01.FBX using Guid(34425b65658cf45c9b6a8b78bfc6c310) Importer(2089858483,0ecaa5967403d082aa24f35e1b516d23) [PhysX] Initialized MultithreadedTaskDispatcher with 16 workers.
 -> (artifact id: '7fc3cd770b2299a5aad8c92a3da1cd76') in 0.027227 seconds
Number of updated asset objects reloaded before import = 0
Number of asset objects unloaded after import = 9
========================================================================
Received Import Request.
  Time since last request: 0.000028 seconds.
  path: Assets/_Creepy_Cat/_3D Scifi Kit Starter Kit_HD/_Prefabs/Doors/Door_Right_01.prefab
  artifactKey: Guid(5d1b756973d9b43979538efa15d96725) Importer(2089858483,0ecaa5967403d082aa24f35e1b516d23)
Start importing Assets/_Creepy_Cat/_3D Scifi Kit Starter Kit_HD/_Prefabs/Doors/Door_Right_01.prefab using Guid(5d1b756973d9b43979538efa15d96725) Importer(2089858483,0ecaa5967403d082aa24f35e1b516d23) [PhysX] Initialized MultithreadedTaskDispatcher with 16 workers.
 -> (artifact id: '4e58f1b70797e5e12a844e89e65c8dc6') in 0.029337 seconds
Number of updated asset objects reloaded before import = 0
Number of asset objects unloaded after import = 19
========================================================================
Received Import Request.
  Time since last request: 0.000028 seconds.
  path: Assets/_Creepy_Cat/_3D Scifi Kit Starter Kit_HD/_Prefabs/Fences/Fence_Short_01.prefab
  artifactKey: Guid(cd59be8c937b94ad2abb58dbe654d2d9) Importer(2089858483,0ecaa5967403d082aa24f35e1b516d23)
Start importing Assets/_Creepy_Cat/_3D Scifi Kit Starter Kit_HD/_Prefabs/Fences/Fence_Short_01.prefab using Guid(cd59be8c937b94ad2abb58dbe654d2d9) Importer(2089858483,0ecaa5967403d082aa24f35e1b516d23) [PhysX] Initialized MultithreadedTaskDispatcher with 16 workers.
 -> (artifact id: '36308596c1b21b55fdc79f8f6a6ffdd0') in 0.013707 seconds
Number of updated asset objects reloaded before import = 0
Number of asset objects unloaded after import = 10
========================================================================
Received Import Request.
  Time since last request: 0.000021 seconds.
  path: Assets/_Creepy_Cat/_3D Scifi Kit Starter Kit_HD/_Prefabs/Floors/Floor_Pipes_01.prefab
  artifactKey: Guid(96813c9f002664a49a7eecde95994b75) Importer(2089858483,0ecaa5967403d082aa24f35e1b516d23)
Start importing Assets/_Creepy_Cat/_3D Scifi Kit Starter Kit_HD/_Prefabs/Floors/Floor_Pipes_01.prefab using Guid(96813c9f002664a49a7eecde95994b75) Importer(2089858483,0ecaa5967403d082aa24f35e1b516d23) [PhysX] Initialized MultithreadedTaskDispatcher with 16 workers.
 -> (artifact id: '311ea71bde076809de150940df0d9009') in 0.031883 seconds
Number of updated asset objects reloaded before import = 0
Number of asset objects unloaded after import = 9
========================================================================
Received Import Request.
  Time since last request: 0.000148 seconds.
  path: Assets/_Creepy_Cat/_3D Scifi Kit Starter Kit_HD/_Prefabs/Floors/Floor_Squared_02_6x6.prefab
  artifactKey: Guid(e1e43b751e1c847fcb7618aace293dfc) Importer(2089858483,0ecaa5967403d082aa24f35e1b516d23)
Start importing Assets/_Creepy_Cat/_3D Scifi Kit Starter Kit_HD/_Prefabs/Floors/Floor_Squared_02_6x6.prefab using Guid(e1e43b751e1c847fcb7618aace293dfc) Importer(2089858483,0ecaa5967403d082aa24f35e1b516d23) [PhysX] Initialized MultithreadedTaskDispatcher with 16 workers.
 -> (artifact id: 'bd9b61fe0cac2622d523a0174e386292') in 0.023188 seconds
Number of updated asset objects reloaded before import = 0
Number of asset objects unloaded after import = 36
========================================================================
Received Import Request.
  Time since last request: 0.000036 seconds.
  path: Assets/_Creepy_Cat/_3D Scifi Kit Starter Kit_HD/_Meshes/Walls/Wall_Simple_01_Coin.FBX
  artifactKey: Guid(c7280d32c096f4cb086fdb61a19363cc) Importer(2089858483,0ecaa5967403d082aa24f35e1b516d23)
Start importing Assets/_Creepy_Cat/_3D Scifi Kit Starter Kit_HD/_Meshes/Walls/Wall_Simple_01_Coin.FBX using Guid(c7280d32c096f4cb086fdb61a19363cc) Importer(2089858483,0ecaa5967403d082aa24f35e1b516d23) [PhysX] Initialized MultithreadedTaskDispatcher with 16 workers.
 -> (artifact id: '1dc484e02461629f89f00deea10a47a6') in 0.033072 seconds
Number of updated asset objects reloaded before import = 0
Number of asset objects unloaded after import = 9
========================================================================
Received Import Request.
  Time since last request: 0.000037 seconds.
  path: Assets/_Creepy_Cat/_3D Scifi Kit Starter Kit_HD/_Prefabs/Floors/Floor_Third_04_Strip_2x6.prefab
  artifactKey: Guid(435d6afd33c8f2d41b41ea35f54b1c8f) Importer(2089858483,0ecaa5967403d082aa24f35e1b516d23)
Start importing Assets/_Creepy_Cat/_3D Scifi Kit Starter Kit_HD/_Prefabs/Floors/Floor_Third_04_Strip_2x6.prefab using Guid(435d6afd33c8f2d41b41ea35f54b1c8f) Importer(2089858483,0ecaa5967403d082aa24f35e1b516d23) [PhysX] Initialized MultithreadedTaskDispatcher with 16 workers.
 -> (artifact id: '90f50fffa0fb7decbc8696869cb60430') in 0.026317 seconds
Number of updated asset objects reloaded before import = 0
Number of asset objects unloaded after import = 10
========================================================================
Received Import Request.
  Time since last request: 0.000036 seconds.
  path: Assets/_Creepy_Cat/_3D Scifi Kit Starter Kit_HD/_Meshes/Stairways/Stairway_PillarAngle_01.FBX
  artifactKey: Guid(4778ec2b0c8154c0491ebb1f5439750d) Importer(2089858483,0ecaa5967403d082aa24f35e1b516d23)
Start importing Assets/_Creepy_Cat/_3D Scifi Kit Starter Kit_HD/_Meshes/Stairways/Stairway_PillarAngle_01.FBX using Guid(4778ec2b0c8154c0491ebb1f5439750d) Importer(2089858483,0ecaa5967403d082aa24f35e1b516d23) [PhysX] Initialized MultithreadedTaskDispatcher with 16 workers.
 -> (artifact id: '0294b50bdaad07023460bf447815f3df') in 0.055105 seconds
Number of updated asset objects reloaded before import = 0
Number of asset objects unloaded after import = 9
========================================================================
Received Import Request.
  Time since last request: 0.000034 seconds.
  path: Assets/_Creepy_Cat/_3D Scifi Kit Starter Kit_HD/_Meshes/Stairways/Stairway_Angle_Right_01.FBX
  artifactKey: Guid(7d7bb6cf06cda46179550e0198cd272d) Importer(2089858483,0ecaa5967403d082aa24f35e1b516d23)
Start importing Assets/_Creepy_Cat/_3D Scifi Kit Starter Kit_HD/_Meshes/Stairways/Stairway_Angle_Right_01.FBX using Guid(7d7bb6cf06cda46179550e0198cd272d) Importer(2089858483,0ecaa5967403d082aa24f35e1b516d23) [PhysX] Initialized MultithreadedTaskDispatcher with 16 workers.
 -> (artifact id: '4fb8613863ab3f4912128ace1d89a2a9') in 0.051077 seconds
Number of updated asset objects reloaded before import = 0
Number of asset objects unloaded after import = 9
========================================================================
Received Import Request.
  Time since last request: 0.000028 seconds.
  path: Assets/_Creepy_Cat/_3D Scifi Kit Starter Kit_HD/_Textures/HD_Wall_03_Dif_Style_02_Metal.tif
  artifactKey: Guid(05322e69c5a534142a9c09323350a4e0) Importer(2089858483,0ecaa5967403d082aa24f35e1b516d23)
Start importing Assets/_Creepy_Cat/_3D Scifi Kit Starter Kit_HD/_Textures/HD_Wall_03_Dif_Style_02_Metal.tif using Guid(05322e69c5a534142a9c09323350a4e0) Importer(2089858483,0ecaa5967403d082aa24f35e1b516d23) [PhysX] Initialized MultithreadedTaskDispatcher with 16 workers.
 -> (artifact id: 'f38cf19e5728d15ab3b0b5c0608472a4') in 0.034132 seconds
Number of updated asset objects reloaded before import = 0
Number of asset objects unloaded after import = 1
========================================================================
Received Import Request.
  Time since last request: 0.000025 seconds.
  path: Assets/_Creepy_Cat/_3D Scifi Kit Starter Kit/_Meshes/Floor_Normal_02.FBX
  artifactKey: Guid(e926e4d5204b44d87ac4b794a7bfb82a) Importer(2089858483,0ecaa5967403d082aa24f35e1b516d23)
Start importing Assets/_Creepy_Cat/_3D Scifi Kit Starter Kit/_Meshes/Floor_Normal_02.FBX using Guid(e926e4d5204b44d87ac4b794a7bfb82a) Importer(2089858483,0ecaa5967403d082aa24f35e1b516d23) [PhysX] Initialized MultithreadedTaskDispatcher with 16 workers.
 -> (artifact id: '2ed4d0d51c3ae4614be6a9dff33dec54') in 0.024723 seconds
Number of updated asset objects reloaded before import = 0
Number of asset objects unloaded after import = 7
========================================================================
Received Import Request.
  Time since last request: 0.000038 seconds.
  path: Assets/_Creepy_Cat/_3D Scifi Kit Starter Kit_HD/_Textures/HD_Wall_10_Dif_Style_02_Norm.png
  artifactKey: Guid(b3d1c18df35ff4e1abf9b1978ad2ad27) Importer(2089858483,0ecaa5967403d082aa24f35e1b516d23)
Start importing Assets/_Creepy_Cat/_3D Scifi Kit Starter Kit_HD/_Textures/HD_Wall_10_Dif_Style_02_Norm.png using Guid(b3d1c18df35ff4e1abf9b1978ad2ad27) Importer(2089858483,0ecaa5967403d082aa24f35e1b516d23) [PhysX] Initialized MultithreadedTaskDispatcher with 16 workers.
 -> (artifact id: '6a90b05c1e202c78c0935e2ffc43f08d') in 0.054328 seconds
Number of updated asset objects reloaded before import = 0
Number of asset objects unloaded after import = 1
========================================================================
Received Import Request.
  Time since last request: 0.000020 seconds.
  path: Assets/_Creepy_Cat/_3D Scifi Kit Starter Kit_HD/_Prefabs/Stairways/Stairway_Plateform_06.prefab
  artifactKey: Guid(b472d4868971a495684a3857705d6dc9) Importer(2089858483,0ecaa5967403d082aa24f35e1b516d23)
Start importing Assets/_Creepy_Cat/_3D Scifi Kit Starter Kit_HD/_Prefabs/Stairways/Stairway_Plateform_06.prefab using Guid(b472d4868971a495684a3857705d6dc9) Importer(2089858483,0ecaa5967403d082aa24f35e1b516d23) [PhysX] Initialized MultithreadedTaskDispatcher with 16 workers.
 -> (artifact id: 'a03520173abf02f19abf66a1a008d018') in 0.024521 seconds
Number of updated asset objects reloaded before import = 0
Number of asset objects unloaded after import = 55
========================================================================
Received Import Request.
  Time since last request: 0.000028 seconds.
  path: Assets/_Creepy_Cat/_3D Scifi Kit Starter Kit_HD/_Prefabs/Symbols/Num_3.prefab
  artifactKey: Guid(5c886e80a015c41f9b734fb22805cc49) Importer(2089858483,0ecaa5967403d082aa24f35e1b516d23)
Start importing Assets/_Creepy_Cat/_3D Scifi Kit Starter Kit_HD/_Prefabs/Symbols/Num_3.prefab using Guid(5c886e80a015c41f9b734fb22805cc49) Importer(2089858483,0ecaa5967403d082aa24f35e1b516d23) [PhysX] Initialized MultithreadedTaskDispatcher with 16 workers.
 -> (artifact id: '8822f5f2624d508ebda5d5afa8b7f154') in 0.023695 seconds
Number of updated asset objects reloaded before import = 0
Number of asset objects unloaded after import = 9
========================================================================
Received Import Request.
  Time since last request: 0.000018 seconds.
  path: Assets/_Creepy_Cat/_3D Scifi Kit Starter Kit_HD/_Prefabs/Stuff/Beam_02.prefab
  artifactKey: Guid(c5cb0ba7ade304d19adc444da6394c0c) Importer(2089858483,0ecaa5967403d082aa24f35e1b516d23)
Start importing Assets/_Creepy_Cat/_3D Scifi Kit Starter Kit_HD/_Prefabs/Stuff/Beam_02.prefab using Guid(c5cb0ba7ade304d19adc444da6394c0c) Importer(2089858483,0ecaa5967403d082aa24f35e1b516d23) [PhysX] Initialized MultithreadedTaskDispatcher with 16 workers.
 -> (artifact id: '5e165542bfefebd4193574d91c603568') in 0.025083 seconds
Number of updated asset objects reloaded before import = 0
Number of asset objects unloaded after import = 29
========================================================================
Received Import Request.
  Time since last request: 0.000027 seconds.
  path: Assets/_Creepy_Cat/_3D Scifi Kit Starter Kit_HD/_Prefabs/Symbols/Num_6.prefab
  artifactKey: Guid(7439476009bbb482f9f569b3343ffcdf) Importer(2089858483,0ecaa5967403d082aa24f35e1b516d23)
Start importing Assets/_Creepy_Cat/_3D Scifi Kit Starter Kit_HD/_Prefabs/Symbols/Num_6.prefab using Guid(7439476009bbb482f9f569b3343ffcdf) Importer(2089858483,0ecaa5967403d082aa24f35e1b516d23) [PhysX] Initialized MultithreadedTaskDispatcher with 16 workers.
 -> (artifact id: '4ad922fc2f55603748ee8910d2222923') in 0.025715 seconds
Number of updated asset objects reloaded before import = 0
Number of asset objects unloaded after import = 9
========================================================================
Received Import Request.
  Time since last request: 0.000032 seconds.
  path: Assets/_Creepy_Cat/_3D Scifi Kit Starter Kit_HD/_Prefabs/Stairways/Stairway_Plateform_05.prefab
  artifactKey: Guid(4ce6c583195c7412c9d22032c942671a) Importer(2089858483,0ecaa5967403d082aa24f35e1b516d23)
Start importing Assets/_Creepy_Cat/_3D Scifi Kit Starter Kit_HD/_Prefabs/Stairways/Stairway_Plateform_05.prefab using Guid(4ce6c583195c7412c9d22032c942671a) Importer(2089858483,0ecaa5967403d082aa24f35e1b516d23) [PhysX] Initialized MultithreadedTaskDispatcher with 16 workers.
 -> (artifact id: '40e526788b69488c45b3d38e905b8749') in 0.030242 seconds
Number of updated asset objects reloaded before import = 0
Number of asset objects unloaded after import = 34
========================================================================
Received Import Request.
  Time since last request: 0.000031 seconds.
  path: Assets/_Creepy_Cat/_3D Scifi Kit Starter Kit_HD/_Prefabs/Symbols/Word_Exit.prefab
  artifactKey: Guid(f6fa560c4f27f4153ace49338cd4c393) Importer(2089858483,0ecaa5967403d082aa24f35e1b516d23)
Start importing Assets/_Creepy_Cat/_3D Scifi Kit Starter Kit_HD/_Prefabs/Symbols/Word_Exit.prefab using Guid(f6fa560c4f27f4153ace49338cd4c393) Importer(2089858483,0ecaa5967403d082aa24f35e1b516d23) [PhysX] Initialized MultithreadedTaskDispatcher with 16 workers.
 -> (artifact id: '1819858d6ff36ee8fae70d4eabced6fc') in 0.026193 seconds
Number of updated asset objects reloaded before import = 0
Number of asset objects unloaded after import = 9
========================================================================
Received Import Request.
  Time since last request: 0.000035 seconds.
  path: Assets/_Creepy_Cat/_3D Scifi Kit Starter Kit_HD/_Prefabs/Stuff/Beam_03.prefab
  artifactKey: Guid(1858d82647ea4482b8122a1b3fc14ab3) Importer(2089858483,0ecaa5967403d082aa24f35e1b516d23)
Start importing Assets/_Creepy_Cat/_3D Scifi Kit Starter Kit_HD/_Prefabs/Stuff/Beam_03.prefab using Guid(1858d82647ea4482b8122a1b3fc14ab3) Importer(2089858483,0ecaa5967403d082aa24f35e1b516d23) [PhysX] Initialized MultithreadedTaskDispatcher with 16 workers.
 -> (artifact id: '29ad97c1f1c37090074073a25a9e07db') in 0.262738 seconds
Number of updated asset objects reloaded before import = 0
Number of asset objects unloaded after import = 47
========================================================================
Received Import Request.
  Time since last request: 0.000194 seconds.
  path: Assets/_Creepy_Cat/_3D Scifi Kit Starter Kit_HD/_Prefabs/Symbols/Sign_Caution_01.prefab
  artifactKey: Guid(bac58d81e51784118bfc20a8cb5242e6) Importer(2089858483,0ecaa5967403d082aa24f35e1b516d23)
Start importing Assets/_Creepy_Cat/_3D Scifi Kit Starter Kit_HD/_Prefabs/Symbols/Sign_Caution_01.prefab using Guid(bac58d81e51784118bfc20a8cb5242e6) Importer(2089858483,0ecaa5967403d082aa24f35e1b516d23) [PhysX] Initialized MultithreadedTaskDispatcher with 16 workers.
 -> (artifact id: '5212de21031283f4adb765c841c78032') in 0.049105 seconds
Number of updated asset objects reloaded before import = 0
Number of asset objects unloaded after import = 9
========================================================================
Received Import Request.
  Time since last request: 0.001199 seconds.
  path: Assets/_Creepy_Cat/_3D Scifi Kit Starter Kit_HD/_Prefabs/Symbols/Sign_Danger_02.prefab
  artifactKey: Guid(05db7f80192a74aa49db08ad5ab15f2d) Importer(2089858483,0ecaa5967403d082aa24f35e1b516d23)
Start importing Assets/_Creepy_Cat/_3D Scifi Kit Starter Kit_HD/_Prefabs/Symbols/Sign_Danger_02.prefab using Guid(05db7f80192a74aa49db08ad5ab15f2d) Importer(2089858483,0ecaa5967403d082aa24f35e1b516d23) [PhysX] Initialized MultithreadedTaskDispatcher with 16 workers.
 -> (artifact id: '45c3047a5962bf5140cef3a926a3e307') in 0.034875 seconds
Number of updated asset objects reloaded before import = 0
Number of asset objects unloaded after import = 9
========================================================================
Received Import Request.
  Time since last request: 0.000072 seconds.
  path: Assets/_Creepy_Cat/_3D Scifi Kit Starter Kit_HD/_Prefabs/Walls/Wall_Inclined_01_CoinLeft_Half.prefab
  artifactKey: Guid(b4952e1bdb24344eaaf75e446dec127b) Importer(2089858483,0ecaa5967403d082aa24f35e1b516d23)
Start importing Assets/_Creepy_Cat/_3D Scifi Kit Starter Kit_HD/_Prefabs/Walls/Wall_Inclined_01_CoinLeft_Half.prefab using Guid(b4952e1bdb24344eaaf75e446dec127b) Importer(2089858483,0ecaa5967403d082aa24f35e1b516d23) [PhysX] Initialized MultithreadedTaskDispatcher with 16 workers.
 -> (artifact id: 'ecc8d032d3e11f78ff5b01806a46ada0') in 0.035869 seconds
Number of updated asset objects reloaded before import = 0
Number of asset objects unloaded after import = 33
========================================================================
Received Import Request.
  Time since last request: 0.000023 seconds.
  path: Assets/_Creepy_Cat/_3D Scifi Kit Starter Kit_HD/_Prefabs/Walls/Wall_Down_01_Long.prefab
  artifactKey: Guid(47f3a16acd1eb4ac087d1e1fe523dc2c) Importer(2089858483,0ecaa5967403d082aa24f35e1b516d23)
Start importing Assets/_Creepy_Cat/_3D Scifi Kit Starter Kit_HD/_Prefabs/Walls/Wall_Down_01_Long.prefab using Guid(47f3a16acd1eb4ac087d1e1fe523dc2c) Importer(2089858483,0ecaa5967403d082aa24f35e1b516d23) [PhysX] Initialized MultithreadedTaskDispatcher with 16 workers.
 -> (artifact id: '58b021708e4c75346403918b07f30ee0') in 0.029220 seconds
Number of updated asset objects reloaded before import = 0
Number of asset objects unloaded after import = 24
========================================================================
Received Import Request.
  Time since last request: 0.000027 seconds.
  path: Assets/_Creepy_Cat/_3D Scifi Kit Starter Kit_HD/_Prefabs/Walls/Wall_Inclined_02_Long.prefab
  artifactKey: Guid(fedf50d65fc79434b89f634a6cba8fb2) Importer(2089858483,0ecaa5967403d082aa24f35e1b516d23)
Start importing Assets/_Creepy_Cat/_3D Scifi Kit Starter Kit_HD/_Prefabs/Walls/Wall_Inclined_02_Long.prefab using Guid(fedf50d65fc79434b89f634a6cba8fb2) Importer(2089858483,0ecaa5967403d082aa24f35e1b516d23) [PhysX] Initialized MultithreadedTaskDispatcher with 16 workers.
 -> (artifact id: '500b9c9486c5c6f808ab6f90529de679') in 0.030705 seconds
Number of updated asset objects reloaded before import = 0
Number of asset objects unloaded after import = 47
========================================================================
Received Import Request.
  Time since last request: 0.000036 seconds.
  path: Assets/_Creepy_Cat/_3D Scifi Kit Starter Kit_HD/_Prefabs/Walls/Wall_Simple_01_TurnLarge_90.prefab
  artifactKey: Guid(61485a9a68e6845828d6e61f3d353298) Importer(2089858483,0ecaa5967403d082aa24f35e1b516d23)
Start importing Assets/_Creepy_Cat/_3D Scifi Kit Starter Kit_HD/_Prefabs/Walls/Wall_Simple_01_TurnLarge_90.prefab using Guid(61485a9a68e6845828d6e61f3d353298) Importer(2089858483,0ecaa5967403d082aa24f35e1b516d23) [PhysX] Initialized MultithreadedTaskDispatcher with 16 workers.
 -> (artifact id: 'd5aeb024cbe4e15790424c5b56bcb275') in 0.026839 seconds
Number of updated asset objects reloaded before import = 0
Number of asset objects unloaded after import = 138
========================================================================
Received Import Request.
  Time since last request: 0.000024 seconds.
  path: Assets/_Creepy_Cat/_3D Scifi Kit Starter Kit_HD/_Prefabs/Stairways/Stairway_Plateform_03.prefab
  artifactKey: Guid(95da570a8888f45228821df8bdb85c2f) Importer(2089858483,0ecaa5967403d082aa24f35e1b516d23)
Start importing Assets/_Creepy_Cat/_3D Scifi Kit Starter Kit_HD/_Prefabs/Stairways/Stairway_Plateform_03.prefab using Guid(95da570a8888f45228821df8bdb85c2f) Importer(2089858483,0ecaa5967403d082aa24f35e1b516d23) [PhysX] Initialized MultithreadedTaskDispatcher with 16 workers.
 -> (artifact id: 'c4bff9bec2a0e4dcf6348cb0ad78d524') in 0.020284 seconds
Number of updated asset objects reloaded before import = 0
Number of asset objects unloaded after import = 76
========================================================================
Received Import Request.
  Time since last request: 0.000028 seconds.
  path: Assets/_Creepy_Cat/_3D Scifi Kit Starter Kit_HD/_Prefabs/Walls/Wall_Simple_03_Long.prefab
  artifactKey: Guid(7c640618751f24e19a758d31aaa0351b) Importer(2089858483,0ecaa5967403d082aa24f35e1b516d23)
Start importing Assets/_Creepy_Cat/_3D Scifi Kit Starter Kit_HD/_Prefabs/Walls/Wall_Simple_03_Long.prefab using Guid(7c640618751f24e19a758d31aaa0351b) Importer(2089858483,0ecaa5967403d082aa24f35e1b516d23) [PhysX] Initialized MultithreadedTaskDispatcher with 16 workers.
 -> (artifact id: 'c218c9b996924db0d4186cc0f30d1b20') in 0.017162 seconds
Number of updated asset objects reloaded before import = 0
Number of asset objects unloaded after import = 42
========================================================================
Received Import Request.
  Time since last request: 0.000031 seconds.
  path: Assets/_Creepy_Cat/_3D Scifi Kit Starter Kit_HD/_Prefabs/Symbols/Num_4.prefab
  artifactKey: Guid(42db52e32aff341159cd7c14da8c7c49) Importer(2089858483,0ecaa5967403d082aa24f35e1b516d23)
Start importing Assets/_Creepy_Cat/_3D Scifi Kit Starter Kit_HD/_Prefabs/Symbols/Num_4.prefab using Guid(42db52e32aff341159cd7c14da8c7c49) Importer(2089858483,0ecaa5967403d082aa24f35e1b516d23) [PhysX] Initialized MultithreadedTaskDispatcher with 16 workers.
 -> (artifact id: 'dc3db7d3e0ed25ca670f6bfb37ba7730') in 0.027815 seconds
Number of updated asset objects reloaded before import = 0
Number of asset objects unloaded after import = 9
========================================================================
Received Import Request.
  Time since last request: 0.000032 seconds.
  path: Assets/_Creepy_Cat/_3D Scifi Kit Starter Kit_HD/_Prefabs/Walls/Wall_Inclined_01_Long.prefab
  artifactKey: Guid(243ee49f20f63434c95b7cbe33beac48) Importer(2089858483,0ecaa5967403d082aa24f35e1b516d23)
Start importing Assets/_Creepy_Cat/_3D Scifi Kit Starter Kit_HD/_Prefabs/Walls/Wall_Inclined_01_Long.prefab using Guid(243ee49f20f63434c95b7cbe33beac48) Importer(2089858483,0ecaa5967403d082aa24f35e1b516d23) [PhysX] Initialized MultithreadedTaskDispatcher with 16 workers.
 -> (artifact id: 'beaa16239f85c96e86e4d88b83ffe926') in 0.020313 seconds
Number of updated asset objects reloaded before import = 0
Number of asset objects unloaded after import = 42
========================================================================
Received Import Request.
  Time since last request: 0.000024 seconds.
  path: Assets/_Creepy_Cat/_3D Scifi Kit Starter Kit_HD/_Prefabs/Walls/Wall_Table_01.prefab
  artifactKey: Guid(818e532131a9a4d9ab96846c72c25182) Importer(2089858483,0ecaa5967403d082aa24f35e1b516d23)
Start importing Assets/_Creepy_Cat/_3D Scifi Kit Starter Kit_HD/_Prefabs/Walls/Wall_Table_01.prefab using Guid(818e532131a9a4d9ab96846c72c25182) Importer(2089858483,0ecaa5967403d082aa24f35e1b516d23) [PhysX] Initialized MultithreadedTaskDispatcher with 16 workers.
 -> (artifact id: 'a8a3251cc73f01c4e4bec2b4e22ae079') in 0.018275 seconds
Number of updated asset objects reloaded before import = 0
Number of asset objects unloaded after import = 21
========================================================================
Received Import Request.
  Time since last request: 0.000031 seconds.
  path: Assets/_Creepy_Cat/_3D Scifi Kit Starter Kit_HD/_Prefabs/Stairways/Stairway_PillarAngle_01.prefab
  artifactKey: Guid(dfbb1c1d5761d4017adee38f10166564) Importer(2089858483,0ecaa5967403d082aa24f35e1b516d23)
Start importing Assets/_Creepy_Cat/_3D Scifi Kit Starter Kit_HD/_Prefabs/Stairways/Stairway_PillarAngle_01.prefab using Guid(dfbb1c1d5761d4017adee38f10166564) Importer(2089858483,0ecaa5967403d082aa24f35e1b516d23) [PhysX] Initialized MultithreadedTaskDispatcher with 16 workers.
 -> (artifact id: 'ac9b482a269597e6c38c7c5e2e976863') in 0.030136 seconds
Number of updated asset objects reloaded before import = 0
Number of asset objects unloaded after import = 9
========================================================================
Received Import Request.
  Time since last request: 0.000037 seconds.
  path: Assets/_Creepy_Cat/_3D Scifi Kit Starter Kit_HD/_Prefabs/Stairways/Stairway_Step_01.prefab
  artifactKey: Guid(50b9427b8c7174cf7b608127167efe2b) Importer(2089858483,0ecaa5967403d082aa24f35e1b516d23)
Start importing Assets/_Creepy_Cat/_3D Scifi Kit Starter Kit_HD/_Prefabs/Stairways/Stairway_Step_01.prefab using Guid(50b9427b8c7174cf7b608127167efe2b) Importer(2089858483,0ecaa5967403d082aa24f35e1b516d23) [PhysX] Initialized MultithreadedTaskDispatcher with 16 workers.
 -> (artifact id: '2b719efbcd662c735ee996027ecd6062') in 0.030538 seconds
Number of updated asset objects reloaded before import = 0
Number of asset objects unloaded after import = 9
========================================================================
Received Import Request.
  Time since last request: 0.000021 seconds.
  path: Assets/_Creepy_Cat/_3D Scifi Kit Starter Kit_HD/_Prefabs/Symbols/Word_Tech.prefab
  artifactKey: Guid(98fc5195d7af44ae68d3b554861ec279) Importer(2089858483,0ecaa5967403d082aa24f35e1b516d23)
Start importing Assets/_Creepy_Cat/_3D Scifi Kit Starter Kit_HD/_Prefabs/Symbols/Word_Tech.prefab using Guid(98fc5195d7af44ae68d3b554861ec279) Importer(2089858483,0ecaa5967403d082aa24f35e1b516d23) [PhysX] Initialized MultithreadedTaskDispatcher with 16 workers.
 -> (artifact id: 'e36e6c70d5f816ef4b79e7072e0a5ebc') in 0.021461 seconds
Number of updated asset objects reloaded before import = 0
Number of asset objects unloaded after import = 9
========================================================================
Received Import Request.
  Time since last request: 0.000053 seconds.
  path: Assets/_Creepy_Cat/_3D Scifi Kit Starter Kit_HD/_Prefabs/Walls/Column_01_Big.prefab
  artifactKey: Guid(c046375e7bf1c42cdac74810855eae68) Importer(2089858483,0ecaa5967403d082aa24f35e1b516d23)
Start importing Assets/_Creepy_Cat/_3D Scifi Kit Starter Kit_HD/_Prefabs/Walls/Column_01_Big.prefab using Guid(c046375e7bf1c42cdac74810855eae68) Importer(2089858483,0ecaa5967403d082aa24f35e1b516d23) [PhysX] Initialized MultithreadedTaskDispatcher with 16 workers.
 -> (artifact id: 'f529dac2167065a508be1ec1afeab8a7') in 0.027569 seconds
Number of updated asset objects reloaded before import = 0
Number of asset objects unloaded after import = 15
========================================================================
Received Import Request.
  Time since last request: 0.000029 seconds.
  path: Assets/_Creepy_Cat/_3D Scifi Kit Starter Kit_HD/_Prefabs/Stuff/Pipes_02.prefab
  artifactKey: Guid(2b1f8fdab10f140829c5de88421a018d) Importer(2089858483,0ecaa5967403d082aa24f35e1b516d23)
Start importing Assets/_Creepy_Cat/_3D Scifi Kit Starter Kit_HD/_Prefabs/Stuff/Pipes_02.prefab using Guid(2b1f8fdab10f140829c5de88421a018d) Importer(2089858483,0ecaa5967403d082aa24f35e1b516d23) [PhysX] Initialized MultithreadedTaskDispatcher with 16 workers.
 -> (artifact id: 'a46949159db529cd9ed5a8544f6932fe') in 0.018130 seconds
Number of updated asset objects reloaded before import = 0
Number of asset objects unloaded after import = 9
========================================================================
Received Import Request.
  Time since last request: 0.000027 seconds.
  path: Assets/_Creepy_Cat/_3D Scifi Kit Starter Kit_HD/_Prefabs/Roofs/Roof_Squared_01_6x6.prefab
  artifactKey: Guid(43cae7f98873e473d96789cc6276b26f) Importer(2089858483,0ecaa5967403d082aa24f35e1b516d23)
Start importing Assets/_Creepy_Cat/_3D Scifi Kit Starter Kit_HD/_Prefabs/Roofs/Roof_Squared_01_6x6.prefab using Guid(43cae7f98873e473d96789cc6276b26f) Importer(2089858483,0ecaa5967403d082aa24f35e1b516d23) [PhysX] Initialized MultithreadedTaskDispatcher with 16 workers.
 -> (artifact id: '912a43385a74df7f2cd1478179d60d3e') in 0.024422 seconds
Number of updated asset objects reloaded before import = 0
Number of asset objects unloaded after import = 9
========================================================================
Received Import Request.
  Time since last request: 0.000031 seconds.
  path: Assets/_Creepy_Cat/_3D Scifi Kit Starter Kit_HD/_Textures/HD_Stuff_05_Dif_Style_02_Illum.png
  artifactKey: Guid(9ae38d30ea3494b5eb87f3b8f86d1dc6) Importer(2089858483,0ecaa5967403d082aa24f35e1b516d23)
Start importing Assets/_Creepy_Cat/_3D Scifi Kit Starter Kit_HD/_Textures/HD_Stuff_05_Dif_Style_02_Illum.png using Guid(9ae38d30ea3494b5eb87f3b8f86d1dc6) Importer(2089858483,0ecaa5967403d082aa24f35e1b516d23) [PhysX] Initialized MultithreadedTaskDispatcher with 16 workers.
 -> (artifact id: '45533bcb0ca795334d244aea8e5a62fc') in 0.030021 seconds
Number of updated asset objects reloaded before import = 0
Number of asset objects unloaded after import = 1
========================================================================
Received Import Request.
  Time since last request: 0.000060 seconds.
  path: Assets/_Creepy_Cat/_3D Scifi Kit Starter Kit_HD/_Textures/HD_Wall_09_Dif_Style_02_Norm.png
  artifactKey: Guid(83d5d46c5341e4938bf3cff9f39bd100) Importer(2089858483,0ecaa5967403d082aa24f35e1b516d23)
Start importing Assets/_Creepy_Cat/_3D Scifi Kit Starter Kit_HD/_Textures/HD_Wall_09_Dif_Style_02_Norm.png using Guid(83d5d46c5341e4938bf3cff9f39bd100) Importer(2089858483,0ecaa5967403d082aa24f35e1b516d23) [PhysX] Initialized MultithreadedTaskDispatcher with 16 workers.
 -> (artifact id: '429981032261c80379a4c8338c063fa3') in 0.055582 seconds
Number of updated asset objects reloaded before import = 0
Number of asset objects unloaded after import = 1
========================================================================
Received Import Request.
  Time since last request: 0.000020 seconds.
  path: Assets/_Creepy_Cat/_3D Scifi Kit Starter Kit_HD/_Meshes/Roofs/Roof_Squared_02_6x6.FBX
  artifactKey: Guid(50d5441fe077a466f8313250ca58e409) Importer(2089858483,0ecaa5967403d082aa24f35e1b516d23)
Start importing Assets/_Creepy_Cat/_3D Scifi Kit Starter Kit_HD/_Meshes/Roofs/Roof_Squared_02_6x6.FBX using Guid(50d5441fe077a466f8313250ca58e409) Importer(2089858483,0ecaa5967403d082aa24f35e1b516d23) [PhysX] Initialized MultithreadedTaskDispatcher with 16 workers.
 -> (artifact id: '388c83c4f0744b10211c5d88cc160df6') in 0.038268 seconds
Number of updated asset objects reloaded before import = 0
Number of asset objects unloaded after import = 9
========================================================================
Received Import Request.
  Time since last request: 0.000025 seconds.
  path: Assets/_Creepy_Cat/_3D Scifi Kit Starter Kit_HD/_Textures/_Skybox/Skybox.mat
  artifactKey: Guid(359b2cc48aa7c4f23a749d883a644ec9) Importer(2089858483,0ecaa5967403d082aa24f35e1b516d23)
Start importing Assets/_Creepy_Cat/_3D Scifi Kit Starter Kit_HD/_Textures/_Skybox/Skybox.mat using Guid(359b2cc48aa7c4f23a749d883a644ec9) Importer(2089858483,0ecaa5967403d082aa24f35e1b516d23) [PhysX] Initialized MultithreadedTaskDispatcher with 16 workers.
 -> (artifact id: 'bbb9fbec212ad9341d7be9ca8b4fdd84') in 0.102703 seconds
Number of updated asset objects reloaded before import = 0
Number of asset objects unloaded after import = 7
========================================================================
Received Import Request.
  Time since last request: 0.000022 seconds.
  path: Assets/_Creepy_Cat/_3D Scifi Kit Starter Kit_HD/_Textures/_Skybox/render3.png
  artifactKey: Guid(0d5ca999c155b429e8b31c6a00e57d2d) Importer(2089858483,0ecaa5967403d082aa24f35e1b516d23)
Start importing Assets/_Creepy_Cat/_3D Scifi Kit Starter Kit_HD/_Textures/_Skybox/render3.png using Guid(0d5ca999c155b429e8b31c6a00e57d2d) Importer(2089858483,0ecaa5967403d082aa24f35e1b516d23) [PhysX] Initialized MultithreadedTaskDispatcher with 16 workers.
 -> (artifact id: 'f74bbbbd759acf09a0d36869eb5ecdfd') in 0.027559 seconds
Number of updated asset objects reloaded before import = 0
Number of asset objects unloaded after import = 1
========================================================================
Received Import Request.
  Time since last request: 0.000028 seconds.
  path: Assets/_Creepy_Cat/_3D Scifi Kit Starter Kit_HD/_Textures/_Others/Sun.png
  artifactKey: Guid(a50066362702e4df98a70c2c804d00a5) Importer(2089858483,0ecaa5967403d082aa24f35e1b516d23)
Start importing Assets/_Creepy_Cat/_3D Scifi Kit Starter Kit_HD/_Textures/_Others/Sun.png using Guid(a50066362702e4df98a70c2c804d00a5) Importer(2089858483,0ecaa5967403d082aa24f35e1b516d23) [PhysX] Initialized MultithreadedTaskDispatcher with 16 workers.
 -> (artifact id: '72a486d7a656137a34d56444a3c36531') in 0.026999 seconds
Number of updated asset objects reloaded before import = 0
Number of asset objects unloaded after import = 1
========================================================================
Received Import Request.
  Time since last request: 0.000039 seconds.
  path: Assets/_Creepy_Cat/_3D Scifi Kit Starter Kit_HD/_Meshes/Roofs/Roof_Glass_01_6x6.FBX
  artifactKey: Guid(ea302fc1d3eda4c28b9b50598d0b9630) Importer(2089858483,0ecaa5967403d082aa24f35e1b516d23)
Start importing Assets/_Creepy_Cat/_3D Scifi Kit Starter Kit_HD/_Meshes/Roofs/Roof_Glass_01_6x6.FBX using Guid(ea302fc1d3eda4c28b9b50598d0b9630) Importer(2089858483,0ecaa5967403d082aa24f35e1b516d23) [PhysX] Initialized MultithreadedTaskDispatcher with 16 workers.
 -> (artifact id: 'd6a904b06655e8db3cfc6763f09e5711') in 0.037881 seconds
Number of updated asset objects reloaded before import = 0
Number of asset objects unloaded after import = 14
========================================================================
Received Import Request.
  Time since last request: 0.000026 seconds.
  path: Assets/_Creepy_Cat/_3D Scifi Kit Starter Kit_HD/_Prefabs/Roofs/Roof_Squared_02_6x6.prefab
  artifactKey: Guid(5cc345f83c1c34ef0940b7b0d21cdba2) Importer(2089858483,0ecaa5967403d082aa24f35e1b516d23)
Start importing Assets/_Creepy_Cat/_3D Scifi Kit Starter Kit_HD/_Prefabs/Roofs/Roof_Squared_02_6x6.prefab using Guid(5cc345f83c1c34ef0940b7b0d21cdba2) Importer(2089858483,0ecaa5967403d082aa24f35e1b516d23) [PhysX] Initialized MultithreadedTaskDispatcher with 16 workers.
 -> (artifact id: '44e06ad055cdf02be5ffa9d0af62f52f') in 0.017789 seconds
Number of updated asset objects reloaded before import = 0
Number of asset objects unloaded after import = 9
========================================================================
Received Import Request.
  Time since last request: 0.000027 seconds.
  path: Assets/Wahitecture/AlienCharacter/Textures/SkinB_M_T.png
  artifactKey: Guid(0d03a2fbf4271c444a3b3985580e6dcc) Importer(2089858483,0ecaa5967403d082aa24f35e1b516d23)
Start importing Assets/Wahitecture/AlienCharacter/Textures/SkinB_M_T.png using Guid(0d03a2fbf4271c444a3b3985580e6dcc) Importer(2089858483,0ecaa5967403d082aa24f35e1b516d23) [PhysX] Initialized MultithreadedTaskDispatcher with 16 workers.
 -> (artifact id: '7775776760b25e2158da89e85dec14e2') in 0.054865 seconds
Number of updated asset objects reloaded before import = 0
Number of asset objects unloaded after import = 1
========================================================================
Received Import Request.
  Time since last request: 0.000023 seconds.
  path: Assets/_Creepy_Cat/_3D Scifi Kit Starter Kit_HD/_Textures/HD_Wall_03_Dif_Style_02_Norm.png
  artifactKey: Guid(6c7b79bea96c546b982b976aaf1c7556) Importer(2089858483,0ecaa5967403d082aa24f35e1b516d23)
Start importing Assets/_Creepy_Cat/_3D Scifi Kit Starter Kit_HD/_Textures/HD_Wall_03_Dif_Style_02_Norm.png using Guid(6c7b79bea96c546b982b976aaf1c7556) Importer(2089858483,0ecaa5967403d082aa24f35e1b516d23) [PhysX] Initialized MultithreadedTaskDispatcher with 16 workers.
 -> (artifact id: 'ee537def659ac0d5441273ac5980d845') in 0.059797 seconds
Number of updated asset objects reloaded before import = 0
Number of asset objects unloaded after import = 1
========================================================================
Received Import Request.
  Time since last request: 0.000030 seconds.
  path: Assets/_Creepy_Cat/_3D Scifi Kit Starter Kit_HD/_Textures/HD_Stuff_05_Dif_Style_02_Alb.png
  artifactKey: Guid(1f140b055fcbc4cd6b7fc64a9a804b93) Importer(2089858483,0ecaa5967403d082aa24f35e1b516d23)
Start importing Assets/_Creepy_Cat/_3D Scifi Kit Starter Kit_HD/_Textures/HD_Stuff_05_Dif_Style_02_Alb.png using Guid(1f140b055fcbc4cd6b7fc64a9a804b93) Importer(2089858483,0ecaa5967403d082aa24f35e1b516d23) [PhysX] Initialized MultithreadedTaskDispatcher with 16 workers.
 -> (artifact id: '4bd4a44b7c2522693e0c5afc683203a2') in 0.030365 seconds
Number of updated asset objects reloaded before import = 0
Number of asset objects unloaded after import = 1
========================================================================
Received Import Request.
  Time since last request: 0.000026 seconds.
  path: Assets/_Creepy_Cat/_3D Scifi Kit Starter Kit_HD/_Meshes/Doors/DoorWay_01_Up.FBX
  artifactKey: Guid(55e3023cfed714323af2f5d22289936f) Importer(2089858483,0ecaa5967403d082aa24f35e1b516d23)
Start importing Assets/_Creepy_Cat/_3D Scifi Kit Starter Kit_HD/_Meshes/Doors/DoorWay_01_Up.FBX using Guid(55e3023cfed714323af2f5d22289936f) Importer(2089858483,0ecaa5967403d082aa24f35e1b516d23) [PhysX] Initialized MultithreadedTaskDispatcher with 16 workers.
 -> (artifact id: '5148dd9d9f4b48d76915e48096fb9d57') in 0.030010 seconds
Number of updated asset objects reloaded before import = 0
Number of asset objects unloaded after import = 9
========================================================================
Received Prepare
Caller must complete domain reload
Begin MonoManager ReloadAssembly
- Loaded All Assemblies, in  0.476 seconds
Native extension for WindowsStandalone target not found
Mono: successfully reloaded assembly
- Finished resetting the current domain, in  1.277 seconds
Domain Reload Profiling: 1752ms
	BeginReloadAssembly (168ms)
		ExecutionOrderSort (0ms)
		DisableScriptedObjects (6ms)
		BackupInstance (0ms)
		ReleaseScriptingObjects (0ms)
		CreateAndSetChildDomain (36ms)
	RebuildCommonClasses (42ms)
	RebuildNativeTypeToScriptingClass (13ms)
	initialDomainReloadingComplete (29ms)
	LoadAllAssembliesAndSetupDomain (224ms)
		LoadAssemblies (307ms)
		RebuildTransferFunctionScriptingTraits (0ms)
		AnalyzeDomain (13ms)
			TypeCache.Refresh (5ms)
				TypeCache.ScanAssembly (0ms)
			ScanForSourceGeneratedMonoScriptInfo (0ms)
			ResolveRequiredComponents (6ms)
	FinalizeReload (1277ms)
		ReleaseScriptCaches (0ms)
		RebuildScriptCaches (0ms)
		SetupLoadedEditorAssemblies (539ms)
			LogAssemblyErrors (0ms)
			InitializePlatformSupportModulesInManaged (6ms)
			SetLoadedEditorAssemblies (5ms)
			RefreshPlugins (0ms)
			BeforeProcessingInitializeOnLoad (69ms)
			ProcessInitializeOnLoadAttributes (421ms)
			ProcessInitializeOnLoadMethodAttributes (31ms)
			AfterProcessingInitializeOnLoad (6ms)
			EditorAssembliesLoaded (0ms)
		ExecutionOrderSort2 (0ms)
		AwakeInstancesAfterBackupRestoration (10ms)
Refreshing native plugins compatible for Editor in 3.27 ms, found 3 plugins.
Preloading 0 native plugins for Editor in 0.00 ms.
Unloading 3137 Unused Serialized files (Serialized files now loaded: 0)
Unloading 14 unused Assets / (28.5 KB). Loaded Objects now: 3622.
Memory consumption went from 118.6 MB to 118.5 MB.
Total: 3.404000 ms (FindLiveObjects: 0.319300 ms CreateObjectMapping: 0.100100 ms MarkObjects: 2.934600 ms  DeleteObjects: 0.048400 ms)

Prepare: number of updated asset objects reloaded= 0
AssetImportParameters requested are different than current active one (requested -> active):
  custom:container-demuxer-ogg: 62fdf1f143b41e24485cea50d1cbac27 -> 
  custom:video-decoder-ogg-theora: a1e56fd34408186e4bbccfd4996cb3dc -> 
  custom:framework-win-MediaFoundation: 216162199b28c13a410421893ffa2e32 -> 
  custom:CustomObjectIndexerAttribute: 9a22284fe3817be447336de3de66b15e -> 
  custom:container-demuxer-webm: 4f35f7cbe854078d1ac9338744f61a02 -> 
  custom:container-muxer-webm: aa71ff27fc2769a1b78a27578f13a17b -> 
  custom:video-decoder-webm-vp8: 9c59270c3fd7afecdb556c50c9e8de78 -> 
  custom:SearchIndexIgnoredProperties: e643bd26f0fe6173181afceb89e7c659 -> 
  custom:AudioImporter_EditorPlatform: d09bf68614088b80899f8185d706f6e7 -> 
  custom:video-encoder-webm-vp8: eb34c28f22e8b96e1ab97ce403110664 -> 
  custom:audio-decoder-ogg-vorbis: bf7c407c2cedff20999df2af8eb42d56 -> 
  custom:audio-encoder-webm-vorbis: bf7c407c2cedff20999df2af8eb42d56 -> 
========================================================================
Received Prepare
Caller must complete domain reload
Begin MonoManager ReloadAssembly
- Loaded All Assemblies, in  0.464 seconds
Native extension for WindowsStandalone target not found
Mono: successfully reloaded assembly
- Finished resetting the current domain, in  1.024 seconds
Domain Reload Profiling: 1487ms
	BeginReloadAssembly (158ms)
		ExecutionOrderSort (0ms)
		DisableScriptedObjects (5ms)
		BackupInstance (0ms)
		ReleaseScriptingObjects (0ms)
		CreateAndSetChildDomain (29ms)
	RebuildCommonClasses (38ms)
	RebuildNativeTypeToScriptingClass (13ms)
	initialDomainReloadingComplete (29ms)
	LoadAllAssembliesAndSetupDomain (225ms)
		LoadAssemblies (301ms)
		RebuildTransferFunctionScriptingTraits (0ms)
		AnalyzeDomain (17ms)
			TypeCache.Refresh (7ms)
				TypeCache.ScanAssembly (0ms)
			ScanForSourceGeneratedMonoScriptInfo (0ms)
			ResolveRequiredComponents (9ms)
	FinalizeReload (1024ms)
		ReleaseScriptCaches (0ms)
		RebuildScriptCaches (0ms)
		SetupLoadedEditorAssemblies (533ms)
			LogAssemblyErrors (0ms)
			InitializePlatformSupportModulesInManaged (7ms)
			SetLoadedEditorAssemblies (5ms)
			RefreshPlugins (0ms)
			BeforeProcessingInitializeOnLoad (67ms)
			ProcessInitializeOnLoadAttributes (418ms)
			ProcessInitializeOnLoadMethodAttributes (27ms)
			AfterProcessingInitializeOnLoad (9ms)
			EditorAssembliesLoaded (0ms)
		ExecutionOrderSort2 (0ms)
		AwakeInstancesAfterBackupRestoration (7ms)
Refreshing native plugins compatible for Editor in 3.15 ms, found 3 plugins.
Preloading 0 native plugins for Editor in 0.00 ms.
Unloading 3138 Unused Serialized files (Serialized files now loaded: 0)
Unloading 14 unused Assets / (28.4 KB). Loaded Objects now: 3625.
Memory consumption went from 118.8 MB to 118.8 MB.
Total: 3.332800 ms (FindLiveObjects: 0.324600 ms CreateObjectMapping: 0.099700 ms MarkObjects: 2.865100 ms  DeleteObjects: 0.042000 ms)

Prepare: number of updated asset objects reloaded= 0
AssetImportParameters requested are different than current active one (requested -> active):
  custom:container-demuxer-ogg: 62fdf1f143b41e24485cea50d1cbac27 -> 
  custom:video-decoder-ogg-theora: a1e56fd34408186e4bbccfd4996cb3dc -> 
  custom:framework-win-MediaFoundation: 216162199b28c13a410421893ffa2e32 -> 
  custom:CustomObjectIndexerAttribute: 9a22284fe3817be447336de3de66b15e -> 
  custom:container-demuxer-webm: 4f35f7cbe854078d1ac9338744f61a02 -> 
  custom:container-muxer-webm: aa71ff27fc2769a1b78a27578f13a17b -> 
  custom:video-decoder-webm-vp8: 9c59270c3fd7afecdb556c50c9e8de78 -> 
  custom:SearchIndexIgnoredProperties: e643bd26f0fe6173181afceb89e7c659 -> 
  custom:AudioImporter_EditorPlatform: d09bf68614088b80899f8185d706f6e7 -> 
  custom:video-encoder-webm-vp8: eb34c28f22e8b96e1ab97ce403110664 -> 
  custom:audio-decoder-ogg-vorbis: bf7c407c2cedff20999df2af8eb42d56 -> 
  custom:audio-encoder-webm-vorbis: bf7c407c2cedff20999df2af8eb42d56 -> 
========================================================================
Received Prepare
Caller must complete domain reload
Begin MonoManager ReloadAssembly
- Loaded All Assemblies, in  0.494 seconds
Native extension for WindowsStandalone target not found
Mono: successfully reloaded assembly
- Finished resetting the current domain, in  1.484 seconds
Domain Reload Profiling: 1977ms
	BeginReloadAssembly (170ms)
		ExecutionOrderSort (0ms)
		DisableScriptedObjects (6ms)
		BackupInstance (0ms)
		ReleaseScriptingObjects (0ms)
		CreateAndSetChildDomain (31ms)
	RebuildCommonClasses (39ms)
	RebuildNativeTypeToScriptingClass (13ms)
	initialDomainReloadingComplete (30ms)
	LoadAllAssembliesAndSetupDomain (241ms)
		LoadAssemblies (316ms)
		RebuildTransferFunctionScriptingTraits (0ms)
		AnalyzeDomain (22ms)
			TypeCache.Refresh (8ms)
				TypeCache.ScanAssembly (0ms)
			ScanForSourceGeneratedMonoScriptInfo (7ms)
			ResolveRequiredComponents (6ms)
	FinalizeReload (1484ms)
		ReleaseScriptCaches (0ms)
		RebuildScriptCaches (0ms)
		SetupLoadedEditorAssemblies (489ms)
			LogAssemblyErrors (0ms)
			InitializePlatformSupportModulesInManaged (6ms)
			SetLoadedEditorAssemblies (5ms)
			RefreshPlugins (0ms)
			BeforeProcessingInitializeOnLoad (66ms)
			ProcessInitializeOnLoadAttributes (381ms)
			ProcessInitializeOnLoadMethodAttributes (24ms)
			AfterProcessingInitializeOnLoad (6ms)
			EditorAssembliesLoaded (0ms)
		ExecutionOrderSort2 (0ms)
		AwakeInstancesAfterBackupRestoration (7ms)
Refreshing native plugins compatible for Editor in 2.95 ms, found 3 plugins.
Preloading 0 native plugins for Editor in 0.00 ms.
Unloading 3140 Unused Serialized files (Serialized files now loaded: 0)
Unloading 14 unused Assets / (28.5 KB). Loaded Objects now: 3630.
Memory consumption went from 118.8 MB to 118.8 MB.
Total: 3.442100 ms (FindLiveObjects: 0.285000 ms CreateObjectMapping: 0.087100 ms MarkObjects: 3.022900 ms  DeleteObjects: 0.045600 ms)

Prepare: number of updated asset objects reloaded= 0
AssetImportParameters requested are different than current active one (requested -> active):
  custom:container-demuxer-ogg: 62fdf1f143b41e24485cea50d1cbac27 -> 
  custom:video-decoder-ogg-theora: a1e56fd34408186e4bbccfd4996cb3dc -> 
  custom:framework-win-MediaFoundation: 216162199b28c13a410421893ffa2e32 -> 
  custom:scripting/monoscript/fileName/PlayerCam.cs: 2baf756480d7a3732f43ac30c19a37b9 -> 
  custom:scripting/monoscript/fileName/MoceCamera.cs: 915ecbd9f33771494afe70e94aeb871a -> 
  custom:CustomObjectIndexerAttribute: 9a22284fe3817be447336de3de66b15e -> 
  custom:container-demuxer-webm: 4f35f7cbe854078d1ac9338744f61a02 -> 
  custom:container-muxer-webm: aa71ff27fc2769a1b78a27578f13a17b -> 
  custom:video-decoder-webm-vp8: 9c59270c3fd7afecdb556c50c9e8de78 -> 
  custom:SearchIndexIgnoredProperties: e643bd26f0fe6173181afceb89e7c659 -> 
  custom:AudioImporter_EditorPlatform: d09bf68614088b80899f8185d706f6e7 -> 
  custom:video-encoder-webm-vp8: eb34c28f22e8b96e1ab97ce403110664 -> 
  custom:audio-decoder-ogg-vorbis: bf7c407c2cedff20999df2af8eb42d56 -> 
  custom:audio-encoder-webm-vorbis: bf7c407c2cedff20999df2af8eb42d56 -> 
  custom:scripting/precompiled-assembly-types:Assembly-CSharp: c60becaa5b858a2bd359dfab004d5613 -> d694154cb36f36957384880fc22d8d1a
========================================================================
Received Prepare
Caller must complete domain reload
Begin MonoManager ReloadAssembly
- Loaded All Assemblies, in  0.445 seconds
Native extension for WindowsStandalone target not found
Mono: successfully reloaded assembly
- Finished resetting the current domain, in  1.040 seconds
Domain Reload Profiling: 1485ms
	BeginReloadAssembly (154ms)
		ExecutionOrderSort (0ms)
		DisableScriptedObjects (6ms)
		BackupInstance (0ms)
		ReleaseScriptingObjects (0ms)
		CreateAndSetChildDomain (28ms)
	RebuildCommonClasses (40ms)
	RebuildNativeTypeToScriptingClass (13ms)
	initialDomainReloadingComplete (29ms)
	LoadAllAssembliesAndSetupDomain (209ms)
		LoadAssemblies (285ms)
		RebuildTransferFunctionScriptingTraits (0ms)
		AnalyzeDomain (13ms)
			TypeCache.Refresh (6ms)
				TypeCache.ScanAssembly (0ms)
			ScanForSourceGeneratedMonoScriptInfo (0ms)
			ResolveRequiredComponents (6ms)
	FinalizeReload (1041ms)
		ReleaseScriptCaches (0ms)
		RebuildScriptCaches (0ms)
		SetupLoadedEditorAssemblies (533ms)
			LogAssemblyErrors (0ms)
			InitializePlatformSupportModulesInManaged (6ms)
			SetLoadedEditorAssemblies (6ms)
			RefreshPlugins (0ms)
			BeforeProcessingInitializeOnLoad (71ms)
			ProcessInitializeOnLoadAttributes (414ms)
			ProcessInitializeOnLoadMethodAttributes (31ms)
			AfterProcessingInitializeOnLoad (4ms)
			EditorAssembliesLoaded (0ms)
		ExecutionOrderSort2 (0ms)
		AwakeInstancesAfterBackupRestoration (8ms)
Refreshing native plugins compatible for Editor in 3.49 ms, found 3 plugins.
Preloading 0 native plugins for Editor in 0.00 ms.
Unloading 3140 Unused Serialized files (Serialized files now loaded: 0)
Unloading 14 unused Assets / (28.4 KB). Loaded Objects now: 3633.
Memory consumption went from 118.8 MB to 118.8 MB.
Total: 3.971200 ms (FindLiveObjects: 0.279700 ms CreateObjectMapping: 0.086700 ms MarkObjects: 3.557300 ms  DeleteObjects: 0.046100 ms)

Prepare: number of updated asset objects reloaded= 0
AssetImportParameters requested are different than current active one (requested -> active):
  custom:container-demuxer-ogg: 62fdf1f143b41e24485cea50d1cbac27 -> 
  custom:video-decoder-ogg-theora: a1e56fd34408186e4bbccfd4996cb3dc -> 
  custom:framework-win-MediaFoundation: 216162199b28c13a410421893ffa2e32 -> 
  custom:scripting/monoscript/fileName/PlayerCam.cs: 2baf756480d7a3732f43ac30c19a37b9 -> 
  custom:scripting/monoscript/fileName/MoceCamera.cs: 915ecbd9f33771494afe70e94aeb871a -> 
  custom:CustomObjectIndexerAttribute: 9a22284fe3817be447336de3de66b15e -> 
  custom:container-demuxer-webm: 4f35f7cbe854078d1ac9338744f61a02 -> 
  custom:container-muxer-webm: aa71ff27fc2769a1b78a27578f13a17b -> 
  custom:video-decoder-webm-vp8: 9c59270c3fd7afecdb556c50c9e8de78 -> 
  custom:SearchIndexIgnoredProperties: e643bd26f0fe6173181afceb89e7c659 -> 
  custom:AudioImporter_EditorPlatform: d09bf68614088b80899f8185d706f6e7 -> 
  custom:video-encoder-webm-vp8: eb34c28f22e8b96e1ab97ce403110664 -> 
  custom:audio-decoder-ogg-vorbis: bf7c407c2cedff20999df2af8eb42d56 -> 
  custom:audio-encoder-webm-vorbis: bf7c407c2cedff20999df2af8eb42d56 -> 
  custom:scripting/precompiled-assembly-types:Assembly-CSharp: c60becaa5b858a2bd359dfab004d5613 -> d694154cb36f36957384880fc22d8d1a
========================================================================
Received Prepare
Caller must complete domain reload
Begin MonoManager ReloadAssembly
- Loaded All Assemblies, in  0.442 seconds
Native extension for WindowsStandalone target not found
Mono: successfully reloaded assembly
- Finished resetting the current domain, in  1.007 seconds
Domain Reload Profiling: 1448ms
	BeginReloadAssembly (155ms)
		ExecutionOrderSort (0ms)
		DisableScriptedObjects (6ms)
		BackupInstance (0ms)
		ReleaseScriptingObjects (0ms)
		CreateAndSetChildDomain (29ms)
	RebuildCommonClasses (37ms)
	RebuildNativeTypeToScriptingClass (13ms)
	initialDomainReloadingComplete (28ms)
	LoadAllAssembliesAndSetupDomain (207ms)
		LoadAssemblies (285ms)
		RebuildTransferFunctionScriptingTraits (0ms)
		AnalyzeDomain (13ms)
			TypeCache.Refresh (5ms)
				TypeCache.ScanAssembly (0ms)
			ScanForSourceGeneratedMonoScriptInfo (0ms)
			ResolveRequiredComponents (6ms)
	FinalizeReload (1008ms)
		ReleaseScriptCaches (0ms)
		RebuildScriptCaches (0ms)
		SetupLoadedEditorAssemblies (504ms)
			LogAssemblyErrors (0ms)
			InitializePlatformSupportModulesInManaged (8ms)
			SetLoadedEditorAssemblies (5ms)
			RefreshPlugins (0ms)
			BeforeProcessingInitializeOnLoad (65ms)
			ProcessInitializeOnLoadAttributes (395ms)
			ProcessInitializeOnLoadMethodAttributes (27ms)
			AfterProcessingInitializeOnLoad (4ms)
			EditorAssembliesLoaded (0ms)
		ExecutionOrderSort2 (0ms)
		AwakeInstancesAfterBackupRestoration (7ms)
Refreshing native plugins compatible for Editor in 3.16 ms, found 3 plugins.
Preloading 0 native plugins for Editor in 0.00 ms.
Unloading 3140 Unused Serialized files (Serialized files now loaded: 0)
Unloading 14 unused Assets / (28.5 KB). Loaded Objects now: 3636.
Memory consumption went from 118.9 MB to 118.8 MB.
Total: 3.143400 ms (FindLiveObjects: 0.297500 ms CreateObjectMapping: 0.088500 ms MarkObjects: 2.704100 ms  DeleteObjects: 0.051800 ms)

Prepare: number of updated asset objects reloaded= 0
AssetImportParameters requested are different than current active one (requested -> active):
  custom:container-demuxer-ogg: 62fdf1f143b41e24485cea50d1cbac27 -> 
  custom:video-decoder-ogg-theora: a1e56fd34408186e4bbccfd4996cb3dc -> 
  custom:framework-win-MediaFoundation: 216162199b28c13a410421893ffa2e32 -> 
  custom:scripting/monoscript/fileName/PlayerCam.cs: 2baf756480d7a3732f43ac30c19a37b9 -> 
  custom:scripting/monoscript/fileName/MoceCamera.cs: 915ecbd9f33771494afe70e94aeb871a -> 
  custom:CustomObjectIndexerAttribute: 9a22284fe3817be447336de3de66b15e -> 
  custom:container-demuxer-webm: 4f35f7cbe854078d1ac9338744f61a02 -> 
  custom:container-muxer-webm: aa71ff27fc2769a1b78a27578f13a17b -> 
  custom:video-decoder-webm-vp8: 9c59270c3fd7afecdb556c50c9e8de78 -> 
  custom:SearchIndexIgnoredProperties: e643bd26f0fe6173181afceb89e7c659 -> 
  custom:AudioImporter_EditorPlatform: d09bf68614088b80899f8185d706f6e7 -> 
  custom:video-encoder-webm-vp8: eb34c28f22e8b96e1ab97ce403110664 -> 
  custom:audio-decoder-ogg-vorbis: bf7c407c2cedff20999df2af8eb42d56 -> 
  custom:audio-encoder-webm-vorbis: bf7c407c2cedff20999df2af8eb42d56 -> 
  custom:scripting/precompiled-assembly-types:Assembly-CSharp: c60becaa5b858a2bd359dfab004d5613 -> d694154cb36f36957384880fc22d8d1a
========================================================================
Received Import Request.
  Time since last request: 1918.779403 seconds.
  path: Assets/Animation/HumanoidIdle.fbx
  artifactKey: Guid(dffa50cfe77e0434bbfa71245b3dd529) Importer(815301076,1909f56bfc062723c751e8b465ee728b)
Start importing Assets/Animation/HumanoidIdle.fbx using Guid(dffa50cfe77e0434bbfa71245b3dd529) Importer(815301076,1909f56bfc062723c751e8b465ee728b) [PhysX] Initialized MultithreadedTaskDispatcher with 16 workers.
 -> (artifact id: 'e75a02dc0ea03112dac069f1177d9e17') in 0.040254 seconds
Number of updated asset objects reloaded before import = 0
Number of asset objects unloaded after import = 157
========================================================================
Received Import Request.
  Time since last request: 0.000029 seconds.
  path: Assets/Animation/HumanoidWalk.fbx
  artifactKey: Guid(b1a5e04ae51004842aba06704a6c2903) Importer(815301076,1909f56bfc062723c751e8b465ee728b)
Start importing Assets/Animation/HumanoidWalk.fbx using Guid(b1a5e04ae51004842aba06704a6c2903) Importer(815301076,1909f56bfc062723c751e8b465ee728b) [PhysX] Initialized MultithreadedTaskDispatcher with 16 workers.
 -> (artifact id: 'e36fd271eb1732cb43c0a28319a4e27c') in 0.005931 seconds
Number of updated asset objects reloaded before import = 0
Number of asset objects unloaded after import = 157
========================================================================
Received Import Request.
  Time since last request: 0.000036 seconds.
  path: Assets/Animation/HumanoidWalkTurnSharp.fbx
  artifactKey: Guid(bb141fc9a700c9c4ca7e6dadb8acf24b) Importer(815301076,1909f56bfc062723c751e8b465ee728b)
Start importing Assets/Animation/HumanoidWalkTurnSharp.fbx using Guid(bb141fc9a700c9c4ca7e6dadb8acf24b) Importer(815301076,1909f56bfc062723c751e8b465ee728b) [PhysX] Initialized MultithreadedTaskDispatcher with 16 workers.
 -> (artifact id: '23789ff2554abcc566a35797041d2b16') in 0.008201 seconds
Number of updated asset objects reloaded before import = 0
Number of asset objects unloaded after import = 158
========================================================================
Received Import Request.
  Time since last request: 0.000035 seconds.
  path: Assets/Animation/HumanoidMidAir.fbx
  artifactKey: Guid(f03e10c73f30b4ab4aa8ea8f1cc16d36) Importer(815301076,1909f56bfc062723c751e8b465ee728b)
Start importing Assets/Animation/HumanoidMidAir.fbx using Guid(f03e10c73f30b4ab4aa8ea8f1cc16d36) Importer(815301076,1909f56bfc062723c751e8b465ee728b) [PhysX] Initialized MultithreadedTaskDispatcher with 16 workers.
 -> (artifact id: '917e2955a8fb9c8cc076216486978351') in 0.007934 seconds
Number of updated asset objects reloaded before import = 0
Number of asset objects unloaded after import = 184
========================================================================
Received Import Request.
  Time since last request: 0.000028 seconds.
  path: Assets/Animation/HumanoidRun.fbx
  artifactKey: Guid(1cb8ed3cbba15f0479fbae54e0a963df) Importer(815301076,1909f56bfc062723c751e8b465ee728b)
Start importing Assets/Animation/HumanoidRun.fbx using Guid(1cb8ed3cbba15f0479fbae54e0a963df) Importer(815301076,1909f56bfc062723c751e8b465ee728b) [PhysX] Initialized MultithreadedTaskDispatcher with 16 workers.
 -> (artifact id: '45fb835726fa11872d3954176fb18b98') in 0.006420 seconds
Number of updated asset objects reloaded before import = 0
Number of asset objects unloaded after import = 157
========================================================================
Received Import Request.
  Time since last request: 0.000035 seconds.
  path: Assets/Animation/HumanoidStandTurn.fbx
  artifactKey: Guid(6fb3851da6a6f5948ab6892bee8ba920) Importer(815301076,1909f56bfc062723c751e8b465ee728b)
Start importing Assets/Animation/HumanoidStandTurn.fbx using Guid(6fb3851da6a6f5948ab6892bee8ba920) Importer(815301076,1909f56bfc062723c751e8b465ee728b) [PhysX] Initialized MultithreadedTaskDispatcher with 16 workers.
 -> (artifact id: '5d798e153206b3878bcedc63c2da4791') in 0.008101 seconds
Number of updated asset objects reloaded before import = 0
Number of asset objects unloaded after import = 160
========================================================================
Received Prepare
Caller must complete domain reload
Begin MonoManager ReloadAssembly
- Loaded All Assemblies, in  0.517 seconds
Native extension for WindowsStandalone target not found
Mono: successfully reloaded assembly
- Finished resetting the current domain, in  1.121 seconds
Domain Reload Profiling: 1637ms
	BeginReloadAssembly (181ms)
		ExecutionOrderSort (0ms)
		DisableScriptedObjects (6ms)
		BackupInstance (0ms)
		ReleaseScriptingObjects (0ms)
		CreateAndSetChildDomain (35ms)
	RebuildCommonClasses (48ms)
	RebuildNativeTypeToScriptingClass (15ms)
	initialDomainReloadingComplete (29ms)
	LoadAllAssembliesAndSetupDomain (244ms)
		LoadAssemblies (333ms)
		RebuildTransferFunctionScriptingTraits (0ms)
		AnalyzeDomain (17ms)
			TypeCache.Refresh (8ms)
				TypeCache.ScanAssembly (0ms)
			ScanForSourceGeneratedMonoScriptInfo (0ms)
			ResolveRequiredComponents (7ms)
	FinalizeReload (1121ms)
		ReleaseScriptCaches (0ms)
		RebuildScriptCaches (0ms)
		SetupLoadedEditorAssemblies (585ms)
			LogAssemblyErrors (0ms)
			InitializePlatformSupportModulesInManaged (9ms)
			SetLoadedEditorAssemblies (7ms)
			RefreshPlugins (0ms)
			BeforeProcessingInitializeOnLoad (75ms)
			ProcessInitializeOnLoadAttributes (451ms)
			ProcessInitializeOnLoadMethodAttributes (35ms)
			AfterProcessingInitializeOnLoad (8ms)
			EditorAssembliesLoaded (0ms)
		ExecutionOrderSort2 (0ms)
		AwakeInstancesAfterBackupRestoration (8ms)
Refreshing native plugins compatible for Editor in 2.91 ms, found 3 plugins.
Preloading 0 native plugins for Editor in 0.00 ms.
Unloading 3139 Unused Serialized files (Serialized files now loaded: 0)
Unloading 14 unused Assets / (28.5 KB). Loaded Objects now: 3640.
Memory consumption went from 118.9 MB to 118.9 MB.
Total: 4.849000 ms (FindLiveObjects: 0.318300 ms CreateObjectMapping: 0.139100 ms MarkObjects: 4.338100 ms  DeleteObjects: 0.052000 ms)

Prepare: number of updated asset objects reloaded= 0
AssetImportParameters requested are different than current active one (requested -> active):
  custom:container-demuxer-ogg: 62fdf1f143b41e24485cea50d1cbac27 -> 
  custom:video-decoder-ogg-theora: a1e56fd34408186e4bbccfd4996cb3dc -> 
  custom:framework-win-MediaFoundation: 216162199b28c13a410421893ffa2e32 -> 
  custom:scripting/monoscript/fileName/PlayerCam.cs: 2baf756480d7a3732f43ac30c19a37b9 -> 
  custom:scripting/monoscript/fileName/MoceCamera.cs: 915ecbd9f33771494afe70e94aeb871a -> 
  custom:CustomObjectIndexerAttribute: 9a22284fe3817be447336de3de66b15e -> 
  custom:container-demuxer-webm: 4f35f7cbe854078d1ac9338744f61a02 -> 
  custom:container-muxer-webm: aa71ff27fc2769a1b78a27578f13a17b -> 
  custom:video-decoder-webm-vp8: 9c59270c3fd7afecdb556c50c9e8de78 -> 
  custom:SearchIndexIgnoredProperties: e643bd26f0fe6173181afceb89e7c659 -> 
  custom:AudioImporter_EditorPlatform: d09bf68614088b80899f8185d706f6e7 -> 
  custom:video-encoder-webm-vp8: eb34c28f22e8b96e1ab97ce403110664 -> 
  custom:audio-decoder-ogg-vorbis: bf7c407c2cedff20999df2af8eb42d56 -> 
  custom:audio-encoder-webm-vorbis: bf7c407c2cedff20999df2af8eb42d56 -> 
  custom:scripting/precompiled-assembly-types:Assembly-CSharp: c60becaa5b858a2bd359dfab004d5613 -> d694154cb36f36957384880fc22d8d1a
Editor requested this worker to shutdown with reason: Scaling down because of idle timeout
TcpMessagingSession - receive error: operation aborted. errorcode: 995, details: Der E/A-Vorgang wurde wegen eines Threadendes oder einer Anwendungsanforderung abgebrochen.
AssetImportWorker is now disconnected from the server
Process exiting
Exiting without the bug reporter. Application will terminate with return code 0